{"/home/travis/build/npmtest/node-npmtest-html-minifier/test.js":{"path":"/home/travis/build/npmtest/node-npmtest-html-minifier/test.js","s":{"1":1,"2":1,"3":1,"4":1,"5":1,"6":1,"7":1,"8":1,"9":1,"10":1,"11":0,"12":0,"13":1,"14":1,"15":1,"16":1,"17":1,"18":1,"19":0,"20":1,"21":1,"22":1,"23":1,"24":0,"25":0,"26":0,"27":0,"28":1,"29":1,"30":1,"31":1,"32":1,"33":1,"34":1,"35":1,"36":1,"37":1,"38":1,"39":2,"40":2,"41":1,"42":2,"43":2,"44":1,"45":2,"46":2,"47":1,"48":2,"49":2,"50":1,"51":1,"52":1,"53":1,"54":1},"b":{"1":[1,0,0,0],"2":[1,1,1,1],"3":[0,1],"4":[0,1],"5":[0,0],"6":[1,1],"7":[0,1],"8":[0,1],"9":[0,0],"10":[0,0,0],"11":[1,1],"12":[1,1],"13":[1,1],"14":[1,1],"15":[1,1],"16":[1,1],"17":[1,1]},"f":{"1":1,"2":1,"3":1,"4":1,"5":1,"6":0,"7":1,"8":1,"9":2,"10":2,"11":2,"12":2,"13":1},"fnMap":{"1":{"name":"(anonymous_1)","line":12,"loc":{"start":{"line":12,"column":1},"end":{"line":12,"column":13}}},"2":{"name":"(anonymous_2)","line":19,"loc":{"start":{"line":19,"column":5},"end":{"line":19,"column":17}}},"3":{"name":"(anonymous_3)","line":23,"loc":{"start":{"line":23,"column":24},"end":{"line":23,"column":36}}},"4":{"name":"(anonymous_4)","line":61,"loc":{"start":{"line":61,"column":5},"end":{"line":61,"column":17}}},"5":{"name":"(anonymous_5)","line":82,"loc":{"start":{"line":82,"column":5},"end":{"line":82,"column":17}}},"6":{"name":"(anonymous_6)","line":91,"loc":{"start":{"line":91,"column":77},"end":{"line":94,"column":10}}},"7":{"name":"(anonymous_7)","line":112,"loc":{"start":{"line":112,"column":83},"end":{"line":115,"column":10}},"skip":true},"8":{"name":"(anonymous_8)","line":123,"loc":{"start":{"line":123,"column":77},"end":{"line":126,"column":10}},"skip":true},"9":{"name":"(anonymous_9)","line":139,"loc":{"start":{"line":139,"column":12},"end":{"line":139,"column":40}},"skip":true},"10":{"name":"(anonymous_10)","line":147,"loc":{"start":{"line":147,"column":77},"end":{"line":150,"column":10}},"skip":true},"11":{"name":"(anonymous_11)","line":158,"loc":{"start":{"line":158,"column":83},"end":{"line":161,"column":10}},"skip":true},"12":{"name":"(anonymous_12)","line":169,"loc":{"start":{"line":169,"column":79},"end":{"line":172,"column":10}},"skip":true},"13":{"name":"(anonymous_13)","line":180,"loc":{"start":{"line":180,"column":75},"end":{"line":183,"column":10}},"skip":true}},"statementMap":{"1":{"start":{"line":12,"column":0},"end":{"line":195,"column":5}},"2":{"start":{"line":14,"column":4},"end":{"line":14,"column":14}},"3":{"start":{"line":19,"column":4},"end":{"line":56,"column":9}},"4":{"start":{"line":21,"column":8},"end":{"line":21,"column":19}},"5":{"start":{"line":23,"column":8},"end":{"line":35,"column":13}},"6":{"start":{"line":24,"column":12},"end":{"line":34,"column":13}},"7":{"start":{"line":25,"column":16},"end":{"line":28,"column":30}},"8":{"start":{"line":30,"column":16},"end":{"line":33,"column":27}},"9":{"start":{"line":37,"column":8},"end":{"line":39,"column":21}},"10":{"start":{"line":40,"column":8},"end":{"line":53,"column":9}},"11":{"start":{"line":43,"column":12},"end":{"line":46,"column":14}},"12":{"start":{"line":47,"column":12},"end":{"line":47,"column":18}},"13":{"start":{"line":50,"column":12},"end":{"line":51,"column":46}},"14":{"start":{"line":52,"column":12},"end":{"line":52,"column":18}},"15":{"start":{"line":55,"column":8},"end":{"line":55,"column":35}},"16":{"start":{"line":61,"column":4},"end":{"line":63,"column":9}},"17":{"start":{"line":62,"column":8},"end":{"line":62,"column":15}},"18":{"start":{"line":64,"column":4},"end":{"line":77,"column":5}},"19":{"start":{"line":70,"column":8},"end":{"line":70,"column":14}},"20":{"start":{"line":76,"column":8},"end":{"line":76,"column":14}},"21":{"start":{"line":82,"column":4},"end":{"line":84,"column":9}},"22":{"start":{"line":83,"column":8},"end":{"line":83,"column":15}},"23":{"start":{"line":85,"column":4},"end":{"line":194,"column":5}},"24":{"start":{"line":91,"column":8},"end":{"line":99,"column":10}},"25":{"start":{"line":98,"column":12},"end":{"line":98,"column":35}},"26":{"start":{"line":102,"column":8},"end":{"line":104,"column":63}},"27":{"start":{"line":105,"column":8},"end":{"line":105,"column":14}},"28":{"start":{"line":112,"column":8},"end":{"line":121,"column":10},"skip":true},"29":{"start":{"line":119,"column":12},"end":{"line":119,"column":55},"skip":true},"30":{"start":{"line":120,"column":12},"end":{"line":120,"column":48},"skip":true},"31":{"start":{"line":123,"column":8},"end":{"line":136,"column":10},"skip":true},"32":{"start":{"line":130,"column":12},"end":{"line":130,"column":76},"skip":true},"33":{"start":{"line":131,"column":12},"end":{"line":131,"column":73},"skip":true},"34":{"start":{"line":132,"column":12},"end":{"line":132,"column":74},"skip":true},"35":{"start":{"line":133,"column":12},"end":{"line":133,"column":79},"skip":true},"36":{"start":{"line":134,"column":12},"end":{"line":134,"column":25},"skip":true},"37":{"start":{"line":135,"column":12},"end":{"line":135,"column":45},"skip":true},"38":{"start":{"line":138,"column":8},"end":{"line":145,"column":14},"skip":true},"39":{"start":{"line":143,"column":16},"end":{"line":143,"column":29},"skip":true},"40":{"start":{"line":144,"column":16},"end":{"line":144,"column":55},"skip":true},"41":{"start":{"line":147,"column":8},"end":{"line":156,"column":10},"skip":true},"42":{"start":{"line":154,"column":12},"end":{"line":154,"column":25},"skip":true},"43":{"start":{"line":155,"column":12},"end":{"line":155,"column":45},"skip":true},"44":{"start":{"line":158,"column":8},"end":{"line":167,"column":10},"skip":true},"45":{"start":{"line":165,"column":12},"end":{"line":165,"column":25},"skip":true},"46":{"start":{"line":166,"column":12},"end":{"line":166,"column":48},"skip":true},"47":{"start":{"line":169,"column":8},"end":{"line":178,"column":10},"skip":true},"48":{"start":{"line":176,"column":12},"end":{"line":176,"column":25},"skip":true},"49":{"start":{"line":177,"column":12},"end":{"line":177,"column":46},"skip":true},"50":{"start":{"line":180,"column":8},"end":{"line":189,"column":10},"skip":true},"51":{"start":{"line":187,"column":12},"end":{"line":187,"column":94},"skip":true},"52":{"start":{"line":188,"column":12},"end":{"line":188,"column":48},"skip":true},"53":{"start":{"line":192,"column":8},"end":{"line":192,"column":35},"skip":true},"54":{"start":{"line":193,"column":8},"end":{"line":193,"column":14},"skip":true}},"branchMap":{"1":{"line":25,"type":"binary-expr","locations":[{"start":{"line":25,"column":23},"end":{"line":25,"column":62}},{"start":{"line":26,"column":20},"end":{"line":26,"column":70}},{"start":{"line":27,"column":20},"end":{"line":27,"column":71}},{"start":{"line":28,"column":20},"end":{"line":28,"column":29}}]},"2":{"line":30,"type":"binary-expr","locations":[{"start":{"line":30,"column":23},"end":{"line":30,"column":37}},{"start":{"line":31,"column":20},"end":{"line":31,"column":61}},{"start":{"line":32,"column":20},"end":{"line":32,"column":70}},{"start":{"line":33,"column":20},"end":{"line":33,"column":26}}]},"3":{"line":37,"type":"cond-expr","locations":[{"start":{"line":38,"column":14},"end":{"line":38,"column":20}},{"start":{"line":39,"column":14},"end":{"line":39,"column":20}}]},"4":{"line":40,"type":"switch","locations":[{"start":{"line":42,"column":8},"end":{"line":47,"column":18}},{"start":{"line":49,"column":8},"end":{"line":52,"column":18}}]},"5":{"line":44,"type":"binary-expr","locations":[{"start":{"line":44,"column":16},"end":{"line":44,"column":44}},{"start":{"line":44,"column":48},"end":{"line":44,"column":66}}]},"6":{"line":50,"type":"binary-expr","locations":[{"start":{"line":50,"column":21},"end":{"line":50,"column":49}},{"start":{"line":50,"column":53},"end":{"line":50,"column":72}}]},"7":{"line":64,"type":"switch","locations":[{"start":{"line":69,"column":4},"end":{"line":70,"column":14}},{"start":{"line":75,"column":4},"end":{"line":76,"column":14}}]},"8":{"line":85,"type":"switch","locations":[{"start":{"line":90,"column":4},"end":{"line":105,"column":14}},{"start":{"line":111,"column":4},"end":{"line":193,"column":14},"skip":true}]},"9":{"line":91,"type":"binary-expr","locations":[{"start":{"line":91,"column":42},"end":{"line":91,"column":73}},{"start":{"line":91,"column":77},"end":{"line":99,"column":9}}]},"10":{"line":102,"type":"binary-expr","locations":[{"start":{"line":102,"column":18},"end":{"line":102,"column":32}},{"start":{"line":103,"column":12},"end":{"line":103,"column":53}},{"start":{"line":104,"column":12},"end":{"line":104,"column":61}}]},"11":{"line":112,"type":"binary-expr","locations":[{"start":{"line":112,"column":45},"end":{"line":112,"column":79},"skip":true},{"start":{"line":112,"column":83},"end":{"line":121,"column":9},"skip":true}]},"12":{"line":123,"type":"binary-expr","locations":[{"start":{"line":123,"column":42},"end":{"line":123,"column":73},"skip":true},{"start":{"line":123,"column":77},"end":{"line":136,"column":9},"skip":true}]},"13":{"line":138,"type":"binary-expr","locations":[{"start":{"line":138,"column":48},"end":{"line":138,"column":85},"skip":true},{"start":{"line":139,"column":12},"end":{"line":145,"column":13},"skip":true}]},"14":{"line":147,"type":"binary-expr","locations":[{"start":{"line":147,"column":42},"end":{"line":147,"column":73},"skip":true},{"start":{"line":147,"column":77},"end":{"line":156,"column":9},"skip":true}]},"15":{"line":158,"type":"binary-expr","locations":[{"start":{"line":158,"column":45},"end":{"line":158,"column":79},"skip":true},{"start":{"line":158,"column":83},"end":{"line":167,"column":9},"skip":true}]},"16":{"line":169,"type":"binary-expr","locations":[{"start":{"line":169,"column":43},"end":{"line":169,"column":75},"skip":true},{"start":{"line":169,"column":79},"end":{"line":178,"column":9},"skip":true}]},"17":{"line":180,"type":"binary-expr","locations":[{"start":{"line":180,"column":41},"end":{"line":180,"column":71},"skip":true},{"start":{"line":180,"column":75},"end":{"line":189,"column":9},"skip":true}]}},"code":["/* istanbul instrument in package npmtest_html_minifier */","/*jslint","    bitwise: true,","    browser: true,","    maxerr: 8,","    maxlen: 96,","    node: true,","    nomen: true,","    regexp: true,","    stupid: true","*/","(function () {","    'use strict';","    var local;","","","","    // run shared js-env code - pre-init","    (function () {","        // init local","        local = {};","        // init modeJs","        local.modeJs = (function () {","            try {","                return typeof navigator.userAgent === 'string' &&","                    typeof document.querySelector('body') === 'object' &&","                    typeof XMLHttpRequest.prototype.open === 'function' &&","                    'browser';","            } catch (errorCaughtBrowser) {","                return module.exports &&","                    typeof process.versions.node === 'string' &&","                    typeof require('http').createServer === 'function' &&","                    'node';","            }","        }());","        // init global","        local.global = local.modeJs === 'browser'","            ? window","            : global;","        switch (local.modeJs) {","        // re-init local from window.local","        case 'browser':","            local = local.global.utility2.objectSetDefault(","                local.global.utility2_rollup || local.global.local,","                local.global.utility2","            );","            break;","        // re-init local from example.js","        case 'node':","            local = (local.global.utility2_rollup || require('utility2'))","                .requireExampleJsFromReadme();","            break;","        }","        // export local","        local.global.local = local;","    }());","","","","    // run shared js-env code - function","    (function () {","        return;","    }());","    switch (local.modeJs) {","","","","    // run browser js-env code - function","    case 'browser':","        break;","","","","    // run node js-env code - function","    case 'node':","        break;","    }","","","","    // run shared js-env code - post-init","    (function () {","        return;","    }());","    switch (local.modeJs) {","","","","    // run browser js-env code - post-init","    case 'browser':","        local.testCase_browser_nullCase = local.testCase_browser_nullCase || function (","            options,","            onError","        ) {","        /*","         * this function will test browsers's null-case handling-behavior-behavior","         */","            onError(null, options);","        };","","        // run tests","        local.nop(local.modeTest &&","            document.querySelector('#testRunButton1') &&","            document.querySelector('#testRunButton1').click());","        break;","","","","    // run node js-env code - post-init","    /* istanbul ignore next */","    case 'node':","        local.testCase_buildApidoc_default = local.testCase_buildApidoc_default || function (","            options,","            onError","        ) {","        /*","         * this function will test buildApidoc's default handling-behavior-behavior","         */","            options = { modulePathList: module.paths };","            local.buildApidoc(options, onError);","        };","","        local.testCase_buildApp_default = local.testCase_buildApp_default || function (","            options,","            onError","        ) {","        /*","         * this function will test buildApp's default handling-behavior-behavior","         */","            local.testCase_buildReadme_default(options, local.onErrorThrow);","            local.testCase_buildLib_default(options, local.onErrorThrow);","            local.testCase_buildTest_default(options, local.onErrorThrow);","            local.testCase_buildCustomOrg_default(options, local.onErrorThrow);","            options = [];","            local.buildApp(options, onError);","        };","","        local.testCase_buildCustomOrg_default = local.testCase_buildCustomOrg_default ||","            function (options, onError) {","            /*","             * this function will test buildCustomOrg's default handling-behavior","             */","                options = {};","                local.buildCustomOrg(options, onError);","            };","","        local.testCase_buildLib_default = local.testCase_buildLib_default || function (","            options,","            onError","        ) {","        /*","         * this function will test buildLib's default handling-behavior","         */","            options = {};","            local.buildLib(options, onError);","        };","","        local.testCase_buildReadme_default = local.testCase_buildReadme_default || function (","            options,","            onError","        ) {","        /*","         * this function will test buildReadme's default handling-behavior-behavior","         */","            options = {};","            local.buildReadme(options, onError);","        };","","        local.testCase_buildTest_default = local.testCase_buildTest_default || function (","            options,","            onError","        ) {","        /*","         * this function will test buildTest's default handling-behavior","         */","            options = {};","            local.buildTest(options, onError);","        };","","        local.testCase_webpage_default = local.testCase_webpage_default || function (","            options,","            onError","        ) {","        /*","         * this function will test webpage's default handling-behavior","         */","            options = { modeCoverageMerge: true, url: local.serverLocalHost + '?modeTest=1' };","            local.browserTest(options, onError);","        };","","        // run test-server","        local.testRunServer(local);","        break;","    }","}());",""],"l":{"12":1,"14":1,"19":1,"21":1,"23":1,"24":1,"25":1,"30":1,"37":1,"40":1,"43":0,"47":0,"50":1,"52":1,"55":1,"61":1,"62":1,"64":1,"70":0,"76":1,"82":1,"83":1,"85":1,"91":0,"98":0,"102":0,"105":0,"112":1,"119":1,"120":1,"123":1,"130":1,"131":1,"132":1,"133":1,"134":1,"135":1,"138":1,"143":2,"144":2,"147":1,"154":2,"155":2,"158":1,"165":2,"166":2,"169":1,"176":2,"177":2,"180":1,"187":1,"188":1,"192":1,"193":1}},"/home/travis/build/npmtest/node-npmtest-html-minifier/lib.npmtest_html_minifier.js":{"path":"/home/travis/build/npmtest/node-npmtest-html-minifier/lib.npmtest_html_minifier.js","s":{"1":1,"2":1,"3":1,"4":1,"5":1,"6":1,"7":1,"8":1,"9":1,"10":1,"11":1,"12":1,"13":0,"14":1,"15":1,"16":1},"b":{"1":[1,0,0,0],"2":[1,1,1,1],"3":[0,1],"4":[1,1],"5":[0,1]},"f":{"1":1,"2":1,"3":1},"fnMap":{"1":{"name":"(anonymous_1)","line":12,"loc":{"start":{"line":12,"column":1},"end":{"line":12,"column":13}}},"2":{"name":"(anonymous_2)","line":19,"loc":{"start":{"line":19,"column":5},"end":{"line":19,"column":17}}},"3":{"name":"(anonymous_3)","line":23,"loc":{"start":{"line":23,"column":24},"end":{"line":23,"column":36}}}},"statementMap":{"1":{"start":{"line":12,"column":0},"end":{"line":53,"column":5}},"2":{"start":{"line":14,"column":4},"end":{"line":14,"column":14}},"3":{"start":{"line":19,"column":4},"end":{"line":52,"column":9}},"4":{"start":{"line":21,"column":8},"end":{"line":21,"column":19}},"5":{"start":{"line":23,"column":8},"end":{"line":35,"column":13}},"6":{"start":{"line":24,"column":12},"end":{"line":34,"column":13}},"7":{"start":{"line":25,"column":16},"end":{"line":28,"column":30}},"8":{"start":{"line":30,"column":16},"end":{"line":33,"column":27}},"9":{"start":{"line":37,"column":8},"end":{"line":39,"column":21}},"10":{"start":{"line":41,"column":8},"end":{"line":41,"column":54}},"11":{"start":{"line":43,"column":8},"end":{"line":43,"column":58}},"12":{"start":{"line":45,"column":8},"end":{"line":51,"column":9}},"13":{"start":{"line":46,"column":12},"end":{"line":46,"column":64}},"14":{"start":{"line":48,"column":12},"end":{"line":48,"column":35}},"15":{"start":{"line":49,"column":12},"end":{"line":49,"column":49}},"16":{"start":{"line":50,"column":12},"end":{"line":50,"column":43}}},"branchMap":{"1":{"line":25,"type":"binary-expr","locations":[{"start":{"line":25,"column":23},"end":{"line":25,"column":62}},{"start":{"line":26,"column":20},"end":{"line":26,"column":70}},{"start":{"line":27,"column":20},"end":{"line":27,"column":71}},{"start":{"line":28,"column":20},"end":{"line":28,"column":29}}]},"2":{"line":30,"type":"binary-expr","locations":[{"start":{"line":30,"column":23},"end":{"line":30,"column":37}},{"start":{"line":31,"column":20},"end":{"line":31,"column":61}},{"start":{"line":32,"column":20},"end":{"line":32,"column":70}},{"start":{"line":33,"column":20},"end":{"line":33,"column":26}}]},"3":{"line":37,"type":"cond-expr","locations":[{"start":{"line":38,"column":14},"end":{"line":38,"column":20}},{"start":{"line":39,"column":14},"end":{"line":39,"column":20}}]},"4":{"line":41,"type":"binary-expr","locations":[{"start":{"line":41,"column":16},"end":{"line":41,"column":44}},{"start":{"line":41,"column":48},"end":{"line":41,"column":53}}]},"5":{"line":45,"type":"if","locations":[{"start":{"line":45,"column":8},"end":{"line":45,"column":8}},{"start":{"line":45,"column":8},"end":{"line":45,"column":8}}]}},"code":["/* istanbul instrument in package npmtest_html_minifier */","/*jslint","    bitwise: true,","    browser: true,","    maxerr: 8,","    maxlen: 96,","    node: true,","    nomen: true,","    regexp: true,","    stupid: true","*/","(function () {","    'use strict';","    var local;","","","","    // run shared js-env code - pre-init","    (function () {","        // init local","        local = {};","        // init modeJs","        local.modeJs = (function () {","            try {","                return typeof navigator.userAgent === 'string' &&","                    typeof document.querySelector('body') === 'object' &&","                    typeof XMLHttpRequest.prototype.open === 'function' &&","                    'browser';","            } catch (errorCaughtBrowser) {","                return module.exports &&","                    typeof process.versions.node === 'string' &&","                    typeof require('http').createServer === 'function' &&","                    'node';","            }","        }());","        // init global","        local.global = local.modeJs === 'browser'","            ? window","            : global;","        // init utility2_rollup","        local = local.global.utility2_rollup || local;","        // init lib","        local.local = local.npmtest_html_minifier = local;","        // init exports","        if (local.modeJs === 'browser') {","            local.global.utility2_npmtest_html_minifier = local;","        } else {","            module.exports = local;","            module.exports.__dirname = __dirname;","            module.exports.module = module;","        }","    }());","}());",""],"l":{"12":1,"14":1,"19":1,"21":1,"23":1,"24":1,"25":1,"30":1,"37":1,"41":1,"43":1,"45":1,"46":0,"48":1,"49":1,"50":1}},"/home/travis/build/npmtest/node-npmtest-html-minifier/example.js":{"path":"/home/travis/build/npmtest/node-npmtest-html-minifier/example.js","s":{"1":1,"2":1,"3":1,"4":1,"5":1,"6":1,"7":1,"8":1,"9":1,"10":1,"11":1,"12":1,"13":0,"14":0,"15":0,"16":0,"17":0,"18":0,"19":0,"20":0,"21":0,"22":0,"23":0,"24":0,"25":0,"26":0,"27":0,"28":0,"29":0,"30":0,"31":0,"32":0,"33":0,"34":0,"35":0,"36":0,"37":0,"38":0,"39":0,"40":0,"41":0,"42":0,"43":0,"44":0,"45":0,"46":0,"47":0,"48":0,"49":0,"50":1,"51":1,"52":1,"53":1,"54":1,"55":1,"56":1,"57":0,"58":1,"59":6,"60":6,"61":1,"62":2,"63":0,"64":2,"65":1,"66":1,"67":0,"68":0,"69":0,"70":0,"71":0,"72":0,"73":0,"74":0,"75":0,"76":0,"77":0,"78":0,"79":0,"80":0,"81":0,"82":0,"83":0},"b":{"1":[1,0,0,0],"2":[1,1,1,1],"3":[0,1],"4":[1,1],"5":[0,1],"6":[0,1],"7":[0,0],"8":[0,0,0,0,0,0],"9":[0,0,0],"10":[0,0],"11":[0,0,0],"12":[0,0],"13":[0,0],"14":[0,0,0,0,0,0,0],"15":[0,0],"16":[0,0],"17":[1,1],"18":[0,1],"19":[1,2,0,2],"20":[1,0],"21":[1,1],"22":[0,0],"23":[0,0],"24":[0,0],"25":[0,0],"26":[0,0],"27":[0,0],"28":[0,0]},"f":{"1":1,"2":1,"3":1,"4":0,"5":0,"6":0,"7":0,"8":0,"9":0,"10":0,"11":6,"12":0},"fnMap":{"1":{"name":"(anonymous_1)","line":26,"loc":{"start":{"line":26,"column":1},"end":{"line":26,"column":13}}},"2":{"name":"(anonymous_2)","line":33,"loc":{"start":{"line":33,"column":5},"end":{"line":33,"column":17}}},"3":{"name":"(anonymous_3)","line":37,"loc":{"start":{"line":37,"column":24},"end":{"line":37,"column":36}}},"4":{"name":"(anonymous_4)","line":69,"loc":{"start":{"line":69,"column":31},"end":{"line":69,"column":48}},"skip":true},"5":{"name":"(anonymous_5)","line":78,"loc":{"start":{"line":78,"column":26},"end":{"line":78,"column":45}},"skip":true},"6":{"name":"(anonymous_6)","line":123,"loc":{"start":{"line":123,"column":33},"end":{"line":123,"column":48}},"skip":true},"7":{"name":"(anonymous_7)","line":125,"loc":{"start":{"line":125,"column":27},"end":{"line":125,"column":39}},"skip":true},"8":{"name":"(anonymous_8)","line":133,"loc":{"start":{"line":133,"column":59},"end":{"line":133,"column":74}},"skip":true},"9":{"name":"(anonymous_9)","line":143,"loc":{"start":{"line":143,"column":45},"end":{"line":143,"column":62}},"skip":true},"10":{"name":"(anonymous_10)","line":144,"loc":{"start":{"line":144,"column":73},"end":{"line":144,"column":92}},"skip":true},"11":{"name":"(anonymous_11)","line":272,"loc":{"start":{"line":272,"column":51},"end":{"line":272,"column":77}},"skip":true},"12":{"name":"(anonymous_12)","line":315,"loc":{"start":{"line":315,"column":32},"end":{"line":315,"column":61}},"skip":true}},"statementMap":{"1":{"start":{"line":26,"column":0},"end":{"line":326,"column":5}},"2":{"start":{"line":28,"column":4},"end":{"line":28,"column":14}},"3":{"start":{"line":33,"column":4},"end":{"line":60,"column":9}},"4":{"start":{"line":35,"column":8},"end":{"line":35,"column":19}},"5":{"start":{"line":37,"column":8},"end":{"line":49,"column":13}},"6":{"start":{"line":38,"column":12},"end":{"line":48,"column":13}},"7":{"start":{"line":39,"column":16},"end":{"line":42,"column":30}},"8":{"start":{"line":44,"column":16},"end":{"line":47,"column":27}},"9":{"start":{"line":51,"column":8},"end":{"line":53,"column":21}},"10":{"start":{"line":55,"column":8},"end":{"line":57,"column":45}},"11":{"start":{"line":59,"column":8},"end":{"line":59,"column":35}},"12":{"start":{"line":61,"column":4},"end":{"line":325,"column":5}},"13":{"start":{"line":69,"column":8},"end":{"line":121,"column":10},"skip":true},"14":{"start":{"line":70,"column":12},"end":{"line":88,"column":13},"skip":true},"15":{"start":{"line":76,"column":16},"end":{"line":87,"column":19},"skip":true},"16":{"start":{"line":79,"column":20},"end":{"line":86,"column":21},"skip":true},"17":{"start":{"line":82,"column":24},"end":{"line":82,"column":43},"skip":true},"18":{"start":{"line":83,"column":24},"end":{"line":83,"column":30},"skip":true},"19":{"start":{"line":85,"column":24},"end":{"line":85,"column":49},"skip":true},"20":{"start":{"line":89,"column":12},"end":{"line":107,"column":13},"skip":true},"21":{"start":{"line":92,"column":16},"end":{"line":102,"column":17},"skip":true},"22":{"start":{"line":93,"column":20},"end":{"line":93,"column":86},"skip":true},"23":{"start":{"line":94,"column":20},"end":{"line":95,"column":45},"skip":true},"24":{"start":{"line":96,"column":20},"end":{"line":96,"column":42},"skip":true},"25":{"start":{"line":97,"column":20},"end":{"line":97,"column":48},"skip":true},"26":{"start":{"line":100,"column":20},"end":{"line":100,"column":85},"skip":true},"27":{"start":{"line":101,"column":20},"end":{"line":101,"column":96},"skip":true},"28":{"start":{"line":103,"column":16},"end":{"line":103,"column":22},"skip":true},"29":{"start":{"line":106,"column":16},"end":{"line":106,"column":22},"skip":true},"30":{"start":{"line":108,"column":12},"end":{"line":120,"column":13},"skip":true},"31":{"start":{"line":114,"column":16},"end":{"line":119,"column":17},"skip":true},"32":{"start":{"line":116,"column":20},"end":{"line":116,"column":78},"skip":true},"33":{"start":{"line":118,"column":20},"end":{"line":118,"column":47},"skip":true},"34":{"start":{"line":123,"column":8},"end":{"line":141,"column":11},"skip":true},"35":{"start":{"line":124,"column":12},"end":{"line":124,"column":54},"skip":true},"36":{"start":{"line":125,"column":12},"end":{"line":140,"column":14},"skip":true},"37":{"start":{"line":126,"column":16},"end":{"line":126,"column":28},"skip":true},"38":{"start":{"line":127,"column":16},"end":{"line":127,"column":69},"skip":true},"39":{"start":{"line":128,"column":16},"end":{"line":128,"column":75},"skip":true},"40":{"start":{"line":129,"column":16},"end":{"line":131,"column":17},"skip":true},"41":{"start":{"line":130,"column":20},"end":{"line":130,"column":27},"skip":true},"42":{"start":{"line":133,"column":16},"end":{"line":137,"column":36},"skip":true},"43":{"start":{"line":134,"column":20},"end":{"line":136,"column":55},"skip":true},"44":{"start":{"line":139,"column":16},"end":{"line":139,"column":57},"skip":true},"45":{"start":{"line":143,"column":8},"end":{"line":147,"column":11},"skip":true},"46":{"start":{"line":144,"column":12},"end":{"line":146,"column":15},"skip":true},"47":{"start":{"line":145,"column":16},"end":{"line":145,"column":70},"skip":true},"48":{"start":{"line":149,"column":8},"end":{"line":149,"column":31},"skip":true},"49":{"start":{"line":150,"column":8},"end":{"line":150,"column":14},"skip":true},"50":{"start":{"line":158,"column":8},"end":{"line":158,"column":31},"skip":true},"51":{"start":{"line":160,"column":8},"end":{"line":160,"column":33},"skip":true},"52":{"start":{"line":161,"column":8},"end":{"line":161,"column":37},"skip":true},"53":{"start":{"line":162,"column":8},"end":{"line":162,"column":35},"skip":true},"54":{"start":{"line":164,"column":8},"end":{"line":164,"column":50},"skip":true},"55":{"start":{"line":166,"column":8},"end":{"line":256,"column":2},"skip":true},"56":{"start":{"line":258,"column":8},"end":{"line":286,"column":9},"skip":true},"57":{"start":{"line":259,"column":12},"end":{"line":269,"column":14},"skip":true},"58":{"start":{"line":271,"column":12},"end":{"line":285,"column":19},"skip":true},"59":{"start":{"line":274,"column":20},"end":{"line":274,"column":35},"skip":true},"60":{"start":{"line":275,"column":20},"end":{"line":284,"column":21},"skip":true},"61":{"start":{"line":277,"column":24},"end":{"line":277,"column":64},"skip":true},"62":{"start":{"line":279,"column":24},"end":{"line":279,"column":40},"skip":true},"63":{"start":{"line":281,"column":24},"end":{"line":281,"column":40},"skip":true},"64":{"start":{"line":283,"column":24},"end":{"line":283,"column":39},"skip":true},"65":{"start":{"line":288,"column":8},"end":{"line":290,"column":9},"skip":true},"66":{"start":{"line":289,"column":12},"end":{"line":289,"column":18},"skip":true},"67":{"start":{"line":291,"column":8},"end":{"line":293,"column":54},"skip":true},"68":{"start":{"line":296,"column":8},"end":{"line":301,"column":37},"skip":true},"69":{"start":{"line":303,"column":8},"end":{"line":303,"column":82},"skip":true},"70":{"start":{"line":306,"column":8},"end":{"line":308,"column":9},"skip":true},"71":{"start":{"line":307,"column":12},"end":{"line":307,"column":82},"skip":true},"72":{"start":{"line":310,"column":8},"end":{"line":312,"column":9},"skip":true},"73":{"start":{"line":311,"column":12},"end":{"line":311,"column":18},"skip":true},"74":{"start":{"line":313,"column":8},"end":{"line":313,"column":54},"skip":true},"75":{"start":{"line":314,"column":8},"end":{"line":314,"column":69},"skip":true},"76":{"start":{"line":315,"column":8},"end":{"line":323,"column":36},"skip":true},"77":{"start":{"line":316,"column":12},"end":{"line":316,"column":61},"skip":true},"78":{"start":{"line":317,"column":12},"end":{"line":320,"column":13},"skip":true},"79":{"start":{"line":318,"column":16},"end":{"line":318,"column":75},"skip":true},"80":{"start":{"line":319,"column":16},"end":{"line":319,"column":23},"skip":true},"81":{"start":{"line":321,"column":12},"end":{"line":321,"column":38},"skip":true},"82":{"start":{"line":322,"column":12},"end":{"line":322,"column":27},"skip":true},"83":{"start":{"line":324,"column":8},"end":{"line":324,"column":14},"skip":true}},"branchMap":{"1":{"line":39,"type":"binary-expr","locations":[{"start":{"line":39,"column":23},"end":{"line":39,"column":62}},{"start":{"line":40,"column":20},"end":{"line":40,"column":70}},{"start":{"line":41,"column":20},"end":{"line":41,"column":71}},{"start":{"line":42,"column":20},"end":{"line":42,"column":29}}]},"2":{"line":44,"type":"binary-expr","locations":[{"start":{"line":44,"column":23},"end":{"line":44,"column":37}},{"start":{"line":45,"column":20},"end":{"line":45,"column":61}},{"start":{"line":46,"column":20},"end":{"line":46,"column":70}},{"start":{"line":47,"column":20},"end":{"line":47,"column":26}}]},"3":{"line":51,"type":"cond-expr","locations":[{"start":{"line":52,"column":14},"end":{"line":52,"column":20}},{"start":{"line":53,"column":14},"end":{"line":53,"column":20}}]},"4":{"line":55,"type":"binary-expr","locations":[{"start":{"line":55,"column":16},"end":{"line":55,"column":44}},{"start":{"line":55,"column":49},"end":{"line":57,"column":43}}]},"5":{"line":55,"type":"cond-expr","locations":[{"start":{"line":56,"column":14},"end":{"line":56,"column":57}},{"start":{"line":57,"column":14},"end":{"line":57,"column":43}}]},"6":{"line":61,"type":"switch","locations":[{"start":{"line":68,"column":4},"end":{"line":150,"column":14},"skip":true},{"start":{"line":156,"column":4},"end":{"line":324,"column":14},"skip":true}]},"7":{"line":70,"type":"if","locations":[{"start":{"line":70,"column":12},"end":{"line":70,"column":12},"skip":true},{"start":{"line":70,"column":12},"end":{"line":70,"column":12},"skip":true}]},"8":{"line":70,"type":"binary-expr","locations":[{"start":{"line":70,"column":16},"end":{"line":70,"column":22},"skip":true},{"start":{"line":70,"column":27},"end":{"line":70,"column":32},"skip":true},{"start":{"line":71,"column":20},"end":{"line":71,"column":39},"skip":true},{"start":{"line":72,"column":20},"end":{"line":72,"column":49},"skip":true},{"start":{"line":73,"column":20},"end":{"line":73,"column":58},"skip":true},{"start":{"line":74,"column":20},"end":{"line":74,"column":69},"skip":true}]},"9":{"line":79,"type":"switch","locations":[{"start":{"line":80,"column":20},"end":{"line":80,"column":33},"skip":true},{"start":{"line":81,"column":20},"end":{"line":83,"column":30},"skip":true},{"start":{"line":84,"column":20},"end":{"line":85,"column":49},"skip":true}]},"10":{"line":89,"type":"switch","locations":[{"start":{"line":90,"column":12},"end":{"line":103,"column":22},"skip":true},{"start":{"line":105,"column":12},"end":{"line":106,"column":22},"skip":true}]},"11":{"line":89,"type":"binary-expr","locations":[{"start":{"line":89,"column":20},"end":{"line":89,"column":25},"skip":true},{"start":{"line":89,"column":29},"end":{"line":89,"column":48},"skip":true},{"start":{"line":89,"column":52},"end":{"line":89,"column":74},"skip":true}]},"12":{"line":92,"type":"if","locations":[{"start":{"line":92,"column":16},"end":{"line":92,"column":16},"skip":true},{"start":{"line":92,"column":16},"end":{"line":92,"column":16},"skip":true}]},"13":{"line":108,"type":"if","locations":[{"start":{"line":108,"column":12},"end":{"line":108,"column":12},"skip":true},{"start":{"line":108,"column":12},"end":{"line":108,"column":12},"skip":true}]},"14":{"line":108,"type":"binary-expr","locations":[{"start":{"line":108,"column":16},"end":{"line":108,"column":61},"skip":true},{"start":{"line":108,"column":66},"end":{"line":108,"column":72},"skip":true},{"start":{"line":108,"column":77},"end":{"line":108,"column":82},"skip":true},{"start":{"line":109,"column":20},"end":{"line":109,"column":39},"skip":true},{"start":{"line":110,"column":20},"end":{"line":110,"column":49},"skip":true},{"start":{"line":111,"column":20},"end":{"line":111,"column":58},"skip":true},{"start":{"line":112,"column":20},"end":{"line":112,"column":68},"skip":true}]},"15":{"line":129,"type":"if","locations":[{"start":{"line":129,"column":16},"end":{"line":129,"column":16},"skip":true},{"start":{"line":129,"column":16},"end":{"line":129,"column":16},"skip":true}]},"16":{"line":134,"type":"cond-expr","locations":[{"start":{"line":135,"column":26},"end":{"line":135,"column":29},"skip":true},{"start":{"line":136,"column":26},"end":{"line":136,"column":54},"skip":true}]},"17":{"line":164,"type":"binary-expr","locations":[{"start":{"line":164,"column":27},"end":{"line":164,"column":43},"skip":true},{"start":{"line":164,"column":47},"end":{"line":164,"column":49},"skip":true}]},"18":{"line":258,"type":"if","locations":[{"start":{"line":258,"column":8},"end":{"line":258,"column":8},"skip":true},{"start":{"line":258,"column":8},"end":{"line":258,"column":8},"skip":true}]},"19":{"line":275,"type":"switch","locations":[{"start":{"line":276,"column":20},"end":{"line":277,"column":64},"skip":true},{"start":{"line":278,"column":20},"end":{"line":279,"column":40},"skip":true},{"start":{"line":280,"column":20},"end":{"line":281,"column":40},"skip":true},{"start":{"line":282,"column":20},"end":{"line":283,"column":39},"skip":true}]},"20":{"line":288,"type":"if","locations":[{"start":{"line":288,"column":8},"end":{"line":288,"column":8},"skip":true},{"start":{"line":288,"column":8},"end":{"line":288,"column":8},"skip":true}]},"21":{"line":288,"type":"binary-expr","locations":[{"start":{"line":288,"column":12},"end":{"line":288,"column":40},"skip":true},{"start":{"line":288,"column":44},"end":{"line":288,"column":67},"skip":true}]},"22":{"line":292,"type":"binary-expr","locations":[{"start":{"line":292,"column":12},"end":{"line":292,"column":50},"skip":true},{"start":{"line":293,"column":12},"end":{"line":293,"column":53},"skip":true}]},"23":{"line":297,"type":"binary-expr","locations":[{"start":{"line":297,"column":12},"end":{"line":297,"column":71},"skip":true},{"start":{"line":298,"column":12},"end":{"line":301,"column":36},"skip":true}]},"24":{"line":303,"type":"binary-expr","locations":[{"start":{"line":303,"column":43},"end":{"line":303,"column":75},"skip":true},{"start":{"line":303,"column":79},"end":{"line":303,"column":81},"skip":true}]},"25":{"line":306,"type":"if","locations":[{"start":{"line":306,"column":8},"end":{"line":306,"column":8},"skip":true},{"start":{"line":306,"column":8},"end":{"line":306,"column":8},"skip":true}]},"26":{"line":310,"type":"if","locations":[{"start":{"line":310,"column":8},"end":{"line":310,"column":8},"skip":true},{"start":{"line":310,"column":8},"end":{"line":310,"column":8},"skip":true}]},"27":{"line":313,"type":"binary-expr","locations":[{"start":{"line":313,"column":27},"end":{"line":313,"column":43},"skip":true},{"start":{"line":313,"column":47},"end":{"line":313,"column":53},"skip":true}]},"28":{"line":317,"type":"if","locations":[{"start":{"line":317,"column":12},"end":{"line":317,"column":12},"skip":true},{"start":{"line":317,"column":12},"end":{"line":317,"column":12},"skip":true}]}},"code":["/*","example.js","","quickstart example","","instruction","    1. save this script as example.js","    2. run the shell command:","        $ npm install npmtest-html-minifier && PORT=8081 node example.js","    3. play with the browser-demo on http://127.0.0.1:8081","*/","","","","/* istanbul instrument in package npmtest_html_minifier */","/*jslint","    bitwise: true,","    browser: true,","    maxerr: 8,","    maxlen: 96,","    node: true,","    nomen: true,","    regexp: true,","    stupid: true","*/","(function () {","    'use strict';","    var local;","","","","    // run shared js-env code - pre-init","    (function () {","        // init local","        local = {};","        // init modeJs","        local.modeJs = (function () {","            try {","                return typeof navigator.userAgent === 'string' &&","                    typeof document.querySelector('body') === 'object' &&","                    typeof XMLHttpRequest.prototype.open === 'function' &&","                    'browser';","            } catch (errorCaughtBrowser) {","                return module.exports &&","                    typeof process.versions.node === 'string' &&","                    typeof require('http').createServer === 'function' &&","                    'node';","            }","        }());","        // init global","        local.global = local.modeJs === 'browser'","            ? window","            : global;","        // init utility2_rollup","        local = local.global.utility2_rollup || (local.modeJs === 'browser'","            ? local.global.utility2_npmtest_html_minifier","            : global.utility2_moduleExports);","        // export local","        local.global.local = local;","    }());","    switch (local.modeJs) {","","","","    // post-init","    // run browser js-env code - post-init","    /* istanbul ignore next */","    case 'browser':","        local.testRunBrowser = function (event) {","            if (!event || (event &&","                    event.currentTarget &&","                    event.currentTarget.className &&","                    event.currentTarget.className.includes &&","                    event.currentTarget.className.includes('onreset'))) {","                // reset output","                Array.from(","                    document.querySelectorAll('body > .resettable')","                ).forEach(function (element) {","                    switch (element.tagName) {","                    case 'INPUT':","                    case 'TEXTAREA':","                        element.value = '';","                        break;","                    default:","                        element.textContent = '';","                    }","                });","            }","            switch (event && event.currentTarget && event.currentTarget.id) {","            case 'testRunButton1':","                // show tests","                if (document.querySelector('#testReportDiv1').style.display === 'none') {","                    document.querySelector('#testReportDiv1').style.display = 'block';","                    document.querySelector('#testRunButton1').textContent =","                        'hide internal test';","                    local.modeTest = true;","                    local.testRunDefault(local);","                // hide tests","                } else {","                    document.querySelector('#testReportDiv1').style.display = 'none';","                    document.querySelector('#testRunButton1').textContent = 'run internal test';","                }","                break;","            // custom-case","            default:","                break;","            }","            if (document.querySelector('#inputTextareaEval1') && (!event || (event &&","                    event.currentTarget &&","                    event.currentTarget.className &&","                    event.currentTarget.className.includes &&","                    event.currentTarget.className.includes('oneval')))) {","                // try to eval input-code","                try {","                    /*jslint evil: true*/","                    eval(document.querySelector('#inputTextareaEval1').value);","                } catch (errorCaught) {","                    console.error(errorCaught);","                }","            }","        };","        // log stderr and stdout to #outputTextareaStdout1","        ['error', 'log'].forEach(function (key) {","            console[key + '_original'] = console[key];","            console[key] = function () {","                var element;","                console[key + '_original'].apply(console, arguments);","                element = document.querySelector('#outputTextareaStdout1');","                if (!element) {","                    return;","                }","                // append text to #outputTextareaStdout1","                element.value += Array.from(arguments).map(function (arg) {","                    return typeof arg === 'string'","                        ? arg","                        : JSON.stringify(arg, null, 4);","                }).join(' ') + '\\n';","                // scroll textarea to bottom","                element.scrollTop = element.scrollHeight;","            };","        });","        // init event-handling","        ['change', 'click', 'keyup'].forEach(function (event) {","            Array.from(document.querySelectorAll('.on' + event)).forEach(function (element) {","                element.addEventListener(event, local.testRunBrowser);","            });","        });","        // run tests","        local.testRunBrowser();","        break;","","","","    // run node js-env code - post-init","    /* istanbul ignore next */","    case 'node':","        // export local","        module.exports = local;","        // require modules","        local.fs = require('fs');","        local.http = require('http');","        local.url = require('url');","        // init assets","        local.assetsDict = local.assetsDict || {};","        /* jslint-ignore-begin */","        local.assetsDict['/assets.index.template.html'] = '\\","<!doctype html>\\n\\","<html lang=\"en\">\\n\\","<head>\\n\\","<meta charset=\"UTF-8\">\\n\\","<meta name=\"viewport\" content=\"width=device-width, initial-scale=1\">\\n\\","<title>{{env.npm_package_name}} (v{{env.npm_package_version}})</title>\\n\\","<style>\\n\\","/*csslint\\n\\","    box-sizing: false,\\n\\","    universal-selector: false\\n\\","*/\\n\\","* {\\n\\","    box-sizing: border-box;\\n\\","}\\n\\","body {\\n\\","    background: #dde;\\n\\","    font-family: Arial, Helvetica, sans-serif;\\n\\","    margin: 2rem;\\n\\","}\\n\\","body > * {\\n\\","    margin-bottom: 1rem;\\n\\","}\\n\\",".utility2FooterDiv {\\n\\","    margin-top: 20px;\\n\\","    text-align: center;\\n\\","}\\n\\","</style>\\n\\","<style>\\n\\","/*csslint\\n\\","*/\\n\\","textarea {\\n\\","    font-family: monospace;\\n\\","    height: 10rem;\\n\\","    width: 100%;\\n\\","}\\n\\","textarea[readonly] {\\n\\","    background: #ddd;\\n\\","}\\n\\","</style>\\n\\","</head>\\n\\","<body>\\n\\","<!-- utility2-comment\\n\\","<div id=\"ajaxProgressDiv1\" style=\"background: #d00; height: 2px; left: 0; margin: 0; padding: 0; position: fixed; top: 0; transition: background 0.5s, width 1.5s; width: 25%;\"></div>\\n\\","utility2-comment -->\\n\\","<h1>\\n\\","<!-- utility2-comment\\n\\","    <a\\n\\","        {{#if env.npm_package_homepage}}\\n\\","        href=\"{{env.npm_package_homepage}}\"\\n\\","        {{/if env.npm_package_homepage}}\\n\\","        target=\"_blank\"\\n\\","    >\\n\\","utility2-comment -->\\n\\","        {{env.npm_package_name}} (v{{env.npm_package_version}})\\n\\","<!-- utility2-comment\\n\\","    </a>\\n\\","utility2-comment -->\\n\\","</h1>\\n\\","<h3>{{env.npm_package_description}}</h3>\\n\\","<!-- utility2-comment\\n\\","<h4><a download href=\"assets.app.js\">download standalone app</a></h4>\\n\\","<button class=\"onclick onreset\" id=\"testRunButton1\">run internal test</button><br>\\n\\","<div id=\"testReportDiv1\" style=\"display: none;\"></div>\\n\\","utility2-comment -->\\n\\","\\n\\","\\n\\","\\n\\","<label>stderr and stdout</label>\\n\\","<textarea class=\"resettable\" id=\"outputTextareaStdout1\" readonly></textarea>\\n\\","<!-- utility2-comment\\n\\","{{#if isRollup}}\\n\\","<script src=\"assets.app.js\"></script>\\n\\","{{#unless isRollup}}\\n\\","utility2-comment -->\\n\\","<script src=\"assets.utility2.rollup.js\"></script>\\n\\","<script src=\"jsonp.utility2._stateInit?callback=window.utility2._stateInit\"></script>\\n\\","<script src=\"assets.npmtest_html_minifier.rollup.js\"></script>\\n\\","<script src=\"assets.example.js\"></script>\\n\\","<script src=\"assets.test.js\"></script>\\n\\","<!-- utility2-comment\\n\\","{{/if isRollup}}\\n\\","utility2-comment -->\\n\\","<div class=\"utility2FooterDiv\">\\n\\","    [ this app was created with\\n\\","    <a href=\"https://github.com/kaizhu256/node-utility2\" target=\"_blank\">utility2</a>\\n\\","    ]\\n\\","</div>\\n\\","</body>\\n\\","</html>\\n\\","';","        /* jslint-ignore-end */","        if (local.templateRender) {","            local.assetsDict['/'] = local.templateRender(","                local.assetsDict['/assets.index.template.html'],","                {","                    env: local.objectSetDefault(local.env, {","                        npm_package_description: 'the greatest app in the world!',","                        npm_package_name: 'my-app',","                        npm_package_nameAlias: 'my_app',","                        npm_package_version: '0.0.1'","                    })","                }","            );","        } else {","            local.assetsDict['/'] = local.assetsDict['/assets.index.template.html']","                .replace((/\\{\\{env\\.(\\w+?)\\}\\}/g), function (match0, match1) {","                    // jslint-hack","                    String(match0);","                    switch (match1) {","                    case 'npm_package_description':","                        return 'the greatest app in the world!';","                    case 'npm_package_name':","                        return 'my-app';","                    case 'npm_package_nameAlias':","                        return 'my_app';","                    case 'npm_package_version':","                        return '0.0.1';","                    }","                });","        }","        // run the cli","        if (local.global.utility2_rollup || module !== require.main) {","            break;","        }","        local.assetsDict['/assets.example.js'] =","            local.assetsDict['/assets.example.js'] ||","            local.fs.readFileSync(__filename, 'utf8');","        // bug-workaround - long $npm_package_buildCustomOrg","        /* jslint-ignore-begin */","        local.assetsDict['/assets.npmtest_html_minifier.rollup.js'] =","            local.assetsDict['/assets.npmtest_html_minifier.rollup.js'] ||","            local.fs.readFileSync(","                local.npmtest_html_minifier.__dirname + '/lib.npmtest_html_minifier.js',","                'utf8'","            ).replace((/^#!/), '//');","        /* jslint-ignore-end */","        local.assetsDict['/favicon.ico'] = local.assetsDict['/favicon.ico'] || '';","        // if $npm_config_timeout_exit exists,","        // then exit this process after $npm_config_timeout_exit ms","        if (Number(process.env.npm_config_timeout_exit)) {","            setTimeout(process.exit, Number(process.env.npm_config_timeout_exit));","        }","        // start server","        if (local.global.utility2_serverHttp1) {","            break;","        }","        process.env.PORT = process.env.PORT || '8081';","        console.error('server starting on port ' + process.env.PORT);","        local.http.createServer(function (request, response) {","            request.urlParsed = local.url.parse(request.url);","            if (local.assetsDict[request.urlParsed.pathname] !== undefined) {","                response.end(local.assetsDict[request.urlParsed.pathname]);","                return;","            }","            response.statusCode = 404;","            response.end();","        }).listen(process.env.PORT);","        break;","    }","}());",""],"l":{"26":1,"28":1,"33":1,"35":1,"37":1,"38":1,"39":1,"44":1,"51":1,"55":1,"59":1,"61":1,"69":1,"70":1,"76":1,"79":1,"82":1,"83":1,"85":1,"89":1,"92":1,"93":1,"94":1,"96":1,"97":1,"100":1,"101":1,"103":1,"106":1,"108":1,"114":1,"116":1,"118":1,"123":1,"124":1,"125":1,"126":1,"127":1,"128":1,"129":1,"130":1,"133":1,"134":1,"139":1,"143":1,"144":1,"145":1,"149":1,"150":1,"158":1,"160":1,"161":1,"162":1,"164":1,"166":1,"258":1,"259":1,"271":1,"274":6,"275":6,"277":1,"279":2,"281":1,"283":2,"288":1,"289":1,"291":1,"296":1,"303":1,"306":1,"307":1,"310":1,"311":1,"313":1,"314":1,"315":1,"316":1,"317":1,"318":1,"319":1,"321":1,"322":1,"324":1}},"/home/travis/build/npmtest/node-npmtest-html-minifier/node_modules/html-minifier/src/htmlminifier.js":{"path":"/home/travis/build/npmtest/node-npmtest-html-minifier/node_modules/html-minifier/src/htmlminifier.js","s":{"1":1,"2":1,"3":1,"4":1,"5":1,"6":1,"7":1,"8":1,"9":0,"10":0,"11":0,"12":0,"13":0,"14":0,"15":1,"16":0,"17":0,"18":1,"19":0,"20":0,"21":0,"22":0,"23":0,"24":0,"25":0,"26":0,"27":0,"28":0,"29":0,"30":0,"31":0,"32":0,"33":0,"34":0,"35":0,"36":0,"37":0,"38":0,"39":0,"40":0,"41":1,"42":1,"43":1,"44":1,"45":1,"46":0,"47":0,"48":0,"49":0,"50":0,"51":0,"52":0,"53":1,"54":0,"55":1,"56":0,"57":0,"58":0,"59":0,"60":1,"61":0,"62":0,"63":0,"64":0,"65":0,"66":0,"67":0,"68":1,"69":0,"70":1,"71":0,"72":0,"73":0,"74":0,"75":1,"76":0,"77":0,"78":1,"79":1,"80":0,"81":0,"82":1,"83":0,"84":0,"85":0,"86":0,"87":0,"88":0,"89":0,"90":1,"91":0,"92":0,"93":1,"94":0,"95":0,"96":0,"97":0,"98":0,"99":0,"100":0,"101":1,"102":1,"103":1,"104":0,"105":1,"106":0,"107":1,"108":0,"109":1,"110":0,"111":0,"112":0,"113":0,"114":0,"115":1,"116":0,"117":1,"118":1,"119":0,"120":1,"121":0,"122":0,"123":0,"124":0,"125":0,"126":0,"127":0,"128":0,"129":0,"130":0,"131":0,"132":0,"133":0,"134":0,"135":0,"136":0,"137":0,"138":0,"139":0,"140":0,"141":0,"142":0,"143":0,"144":0,"145":0,"146":0,"147":0,"148":0,"149":0,"150":0,"151":0,"152":0,"153":0,"154":0,"155":0,"156":0,"157":0,"158":0,"159":0,"160":0,"161":0,"162":0,"163":0,"164":0,"165":1,"166":0,"167":0,"168":0,"169":0,"170":0,"171":1,"172":0,"173":1,"174":0,"175":0,"176":1,"177":0,"178":1,"179":0,"180":0,"181":1,"182":0,"183":0,"184":1,"185":0,"186":0,"187":0,"188":0,"189":1,"190":1,"191":1,"192":1,"193":1,"194":1,"195":1,"196":1,"197":1,"198":1,"199":1,"200":1,"201":1,"202":1,"203":1,"204":1,"205":1,"206":1,"207":0,"208":0,"209":0,"210":0,"211":0,"212":0,"213":1,"214":0,"215":0,"216":0,"217":0,"218":1,"219":0,"220":0,"221":0,"222":0,"223":0,"224":0,"225":0,"226":0,"227":0,"228":0,"229":0,"230":0,"231":1,"232":1,"233":0,"234":0,"235":0,"236":0,"237":0,"238":0,"239":1,"240":0,"241":0,"242":0,"243":0,"244":1,"245":0,"246":0,"247":0,"248":0,"249":0,"250":0,"251":0,"252":0,"253":0,"254":0,"255":0,"256":0,"257":0,"258":0,"259":0,"260":1,"261":0,"262":1,"263":0,"264":1,"265":0,"266":0,"267":0,"268":0,"269":0,"270":0,"271":0,"272":0,"273":0,"274":0,"275":0,"276":1,"277":0,"278":0,"279":0,"280":0,"281":0,"282":0,"283":0,"284":0,"285":0,"286":0,"287":0,"288":0,"289":0,"290":0,"291":0,"292":0,"293":0,"294":0,"295":0,"296":0,"297":0,"298":0,"299":0,"300":1,"301":0,"302":1,"303":0,"304":0,"305":0,"306":0,"307":0,"308":0,"309":0,"310":0,"311":0,"312":0,"313":0,"314":0,"315":0,"316":0,"317":0,"318":0,"319":0,"320":0,"321":0,"322":0,"323":0,"324":0,"325":0,"326":0,"327":0,"328":0,"329":0,"330":0,"331":0,"332":0,"333":0,"334":0,"335":0,"336":0,"337":0,"338":0,"339":0,"340":0,"341":0,"342":0,"343":0,"344":0,"345":0,"346":0,"347":0,"348":0,"349":0,"350":0,"351":0,"352":0,"353":0,"354":0,"355":0,"356":0,"357":0,"358":0,"359":0,"360":0,"361":0,"362":1,"363":0,"364":0,"365":0,"366":0,"367":1,"368":1,"369":0,"370":0,"371":1,"372":0,"373":0,"374":1,"375":0,"376":1,"377":0,"378":1,"379":0,"380":0,"381":0,"382":0,"383":0,"384":0,"385":0,"386":0,"387":0,"388":0,"389":0,"390":0,"391":0,"392":0,"393":0,"394":0,"395":0,"396":0,"397":0,"398":0,"399":0,"400":0,"401":0,"402":0,"403":0,"404":0,"405":0,"406":0,"407":0,"408":0,"409":0,"410":0,"411":0,"412":0,"413":0,"414":0,"415":0,"416":0,"417":0,"418":1,"419":0,"420":0,"421":0,"422":0,"423":0,"424":0,"425":0,"426":0,"427":0,"428":0,"429":0,"430":0,"431":0,"432":0,"433":0,"434":0,"435":1,"436":0,"437":0,"438":0,"439":0,"440":0,"441":0,"442":0,"443":0,"444":0,"445":0,"446":0,"447":0,"448":0,"449":0,"450":0,"451":0,"452":0,"453":0,"454":0,"455":0,"456":0,"457":0,"458":0,"459":0,"460":1,"461":0,"462":1,"463":0,"464":1,"465":0,"466":0,"467":0,"468":0,"469":1,"470":0,"471":0,"472":0,"473":0,"474":1,"475":0,"476":0,"477":0,"478":0,"479":0,"480":0,"481":0,"482":1,"483":0,"484":0,"485":0,"486":0,"487":0,"488":0,"489":0,"490":0,"491":0,"492":0,"493":0,"494":0,"495":0,"496":0,"497":0,"498":0,"499":0,"500":0,"501":0,"502":0,"503":0,"504":0,"505":0,"506":0,"507":0,"508":0,"509":0,"510":0,"511":0,"512":0,"513":0,"514":0,"515":0,"516":0,"517":0,"518":0,"519":0,"520":0,"521":0,"522":0,"523":0,"524":0,"525":0,"526":0,"527":0,"528":0,"529":0,"530":0,"531":0,"532":0,"533":0,"534":0,"535":0,"536":0,"537":0,"538":0,"539":0,"540":0,"541":0,"542":0,"543":0,"544":0,"545":0,"546":0,"547":0,"548":0,"549":0,"550":0,"551":0,"552":0,"553":0,"554":0,"555":0,"556":0,"557":0,"558":0,"559":0,"560":0,"561":0,"562":0,"563":0,"564":0,"565":0,"566":0,"567":0,"568":0,"569":0,"570":0,"571":0,"572":0,"573":0,"574":0,"575":0,"576":0,"577":0,"578":0,"579":0,"580":0,"581":0,"582":0,"583":0,"584":0,"585":0,"586":0,"587":0,"588":0,"589":0,"590":0,"591":0,"592":0,"593":0,"594":0,"595":0,"596":0,"597":0,"598":0,"599":0,"600":0,"601":0,"602":0,"603":0,"604":0,"605":0,"606":0,"607":0,"608":0,"609":0,"610":0,"611":0,"612":0,"613":0,"614":0,"615":0,"616":0,"617":0,"618":0,"619":0,"620":0,"621":0,"622":0,"623":0,"624":0,"625":0,"626":0,"627":0,"628":0,"629":0,"630":0,"631":0,"632":0,"633":0,"634":0,"635":0,"636":0,"637":0,"638":0,"639":0,"640":0,"641":0,"642":0,"643":0,"644":0,"645":0,"646":0,"647":0,"648":0,"649":0,"650":0,"651":0,"652":0,"653":0,"654":0,"655":0,"656":0,"657":0,"658":0,"659":0,"660":0,"661":0,"662":0,"663":0,"664":0,"665":0,"666":1,"667":0,"668":0,"669":0,"670":0,"671":0,"672":0,"673":0,"674":0,"675":0,"676":0,"677":0,"678":0,"679":0,"680":0,"681":0,"682":0,"683":1,"684":0},"b":{"1":[1,0],"2":[0,0],"3":[0,0],"4":[0,0],"5":[0,0],"6":[0,0],"7":[0,0],"8":[0,0],"9":[0,0],"10":[0,0],"11":[0,0],"12":[0,0],"13":[0,0],"14":[0,0],"15":[0,0],"16":[0,0],"17":[0,0],"18":[0,0],"19":[0,0],"20":[0,0],"21":[0,0],"22":[0,0],"23":[0,0],"24":[0,0],"25":[0,0],"26":[0,0],"27":[0,0],"28":[0,0],"29":[0,0],"30":[0,0],"31":[0,0],"32":[0,0],"33":[0,0],"34":[0,0,0,0,0,0,0,0,0,0,0,0,0,0,0,0,0,0],"35":[0,0],"36":[0,0],"37":[0,0],"38":[0,0],"39":[0,0],"40":[0,0],"41":[0,0,0],"42":[0,0,0,0,0,0,0,0,0,0,0,0,0,0,0,0,0,0,0,0,0,0,0],"43":[0,0,0,0,0,0,0,0,0,0,0,0,0,0,0,0,0,0],"44":[0,0],"45":[0,0],"46":[0,0],"47":[0,0,0],"48":[0,0],"49":[0,0],"50":[0,0],"51":[0,0],"52":[0,0],"53":[0,0],"54":[0,0],"55":[0,0],"56":[0,0],"57":[0,0],"58":[0,0],"59":[0,0],"60":[0,0],"61":[0,0],"62":[0,0],"63":[0,0],"64":[0,0],"65":[0,0],"66":[0,0],"67":[0,0,0],"68":[0,0],"69":[0,0],"70":[0,0],"71":[0,0],"72":[0,0],"73":[0,0],"74":[0,0],"75":[0,0],"76":[0,0],"77":[0,0],"78":[0,0],"79":[0,0,0,0,0],"80":[0,0],"81":[0,0,0,0,0,0,0,0,0,0,0,0,0,0,0,0,0,0,0,0,0],"82":[0,0],"83":[0,0],"84":[0,0],"85":[0,0,0],"86":[0,0],"87":[0,0,0,0,0,0,0],"88":[0,0],"89":[0,0],"90":[0,0],"91":[0,0],"92":[0,0],"93":[0,0],"94":[0,0],"95":[0,0],"96":[0,0],"97":[0,0,0,0,0,0,0,0,0,0,0],"98":[0,0],"99":[0,0],"100":[0,0],"101":[0,0],"102":[0,0],"103":[0,0,0,0],"104":[0,0],"105":[0,0],"106":[0,0],"107":[0,0],"108":[0,0],"109":[0,0],"110":[0,0],"111":[0,0],"112":[0,0],"113":[0,0],"114":[0,0,0],"115":[0,0],"116":[0,0,0],"117":[0,0],"118":[0,0],"119":[0,0],"120":[0,0],"121":[0,0],"122":[0,0],"123":[0,0],"124":[0,0],"125":[0,0],"126":[0,0],"127":[0,0],"128":[0,0],"129":[0,0],"130":[0,0],"131":[0,0],"132":[0,0],"133":[0,0],"134":[0,0],"135":[0,0],"136":[0,0],"137":[0,0],"138":[0,0],"139":[0,0],"140":[0,0],"141":[0,0],"142":[0,0],"143":[0,0],"144":[0,0],"145":[0,0],"146":[0,0],"147":[0,0],"148":[0,0],"149":[0,0,0],"150":[0,0],"151":[0,0],"152":[0,0],"153":[0,0],"154":[0,0],"155":[0,0],"156":[0,0],"157":[0,0],"158":[0,0],"159":[0,0],"160":[0,0],"161":[0,0],"162":[0,0],"163":[0,0,0,0],"164":[0,0],"165":[0,0],"166":[0,0],"167":[0,0],"168":[0,0],"169":[0,0],"170":[0,0],"171":[0,0],"172":[0,0],"173":[0,0],"174":[0,0],"175":[0,0],"176":[0,0],"177":[0,0],"178":[0,0],"179":[0,0],"180":[0,0],"181":[0,0],"182":[0,0],"183":[0,0],"184":[0,0],"185":[0,0],"186":[0,0],"187":[0,0],"188":[0,0],"189":[0,0],"190":[0,0],"191":[0,0],"192":[0,0],"193":[0,0],"194":[0,0],"195":[0,0],"196":[0,0],"197":[0,0],"198":[0,0],"199":[0,0],"200":[0,0],"201":[0,0],"202":[0,0],"203":[0,0],"204":[0,0],"205":[0,0],"206":[0,0],"207":[0,0],"208":[0,0,0,0,0],"209":[0,0],"210":[0,0],"211":[0,0,0],"212":[0,0],"213":[0,0],"214":[0,0],"215":[0,0],"216":[0,0],"217":[0,0],"218":[0,0],"219":[0,0,0],"220":[0,0],"221":[0,0],"222":[0,0],"223":[0,0],"224":[0,0],"225":[0,0],"226":[0,0,0,0],"227":[0,0],"228":[0,0],"229":[0,0],"230":[0,0],"231":[0,0],"232":[0,0],"233":[0,0],"234":[0,0],"235":[0,0],"236":[0,0],"237":[0,0,0,0],"238":[0,0],"239":[0,0,0],"240":[0,0],"241":[0,0],"242":[0,0],"243":[0,0],"244":[0,0],"245":[0,0],"246":[0,0],"247":[0,0],"248":[0,0,0],"249":[0,0],"250":[0,0,0],"251":[0,0],"252":[0,0],"253":[0,0,0],"254":[0,0],"255":[0,0],"256":[0,0],"257":[0,0],"258":[0,0],"259":[0,0],"260":[0,0],"261":[0,0],"262":[0,0],"263":[0,0],"264":[0,0],"265":[0,0],"266":[0,0],"267":[0,0],"268":[0,0],"269":[0,0],"270":[0,0],"271":[0,0],"272":[0,0],"273":[0,0],"274":[0,0],"275":[0,0]},"f":{"1":0,"2":0,"3":0,"4":0,"5":0,"6":0,"7":0,"8":0,"9":0,"10":0,"11":0,"12":0,"13":0,"14":0,"15":0,"16":0,"17":0,"18":0,"19":0,"20":0,"21":0,"22":0,"23":0,"24":0,"25":0,"26":0,"27":0,"28":0,"29":0,"30":0,"31":0,"32":0,"33":0,"34":0,"35":0,"36":0,"37":0,"38":0,"39":0,"40":0,"41":0,"42":0,"43":0,"44":0,"45":0,"46":0,"47":0,"48":0,"49":0,"50":0,"51":0,"52":0,"53":0,"54":0,"55":0,"56":0,"57":0,"58":0,"59":0,"60":0,"61":0,"62":0,"63":0,"64":0,"65":0,"66":0,"67":0,"68":0,"69":0,"70":0,"71":0,"72":0,"73":0,"74":0,"75":0,"76":0,"77":0,"78":0,"79":0,"80":0,"81":0,"82":0,"83":0,"84":0,"85":0,"86":0,"87":0,"88":0,"89":0,"90":0,"91":0,"92":0,"93":0},"fnMap":{"1":{"name":"(anonymous_1)","line":11,"loc":{"start":{"line":11,"column":45},"end":{"line":11,"column":59}}},"2":{"name":"(anonymous_2)","line":16,"loc":{"start":{"line":16,"column":4},"end":{"line":16,"column":18}}},"3":{"name":"collapseWhitespaceAll","line":23,"loc":{"start":{"line":23,"column":0},"end":{"line":23,"column":36}}},"4":{"name":"(anonymous_4)","line":24,"loc":{"start":{"line":24,"column":36},"end":{"line":24,"column":53}}},"5":{"name":"collapseWhitespace","line":29,"loc":{"start":{"line":29,"column":0},"end":{"line":29,"column":76}}},"6":{"name":"(anonymous_6)","line":33,"loc":{"start":{"line":33,"column":40},"end":{"line":33,"column":51}}},"7":{"name":"(anonymous_7)","line":36,"loc":{"start":{"line":36,"column":33},"end":{"line":36,"column":44}}},"8":{"name":"(anonymous_8)","line":43,"loc":{"start":{"line":43,"column":30},"end":{"line":43,"column":47}}},"9":{"name":"(anonymous_9)","line":53,"loc":{"start":{"line":53,"column":30},"end":{"line":53,"column":47}}},"10":{"name":"collapseWhitespaceSmart","line":78,"loc":{"start":{"line":78,"column":0},"end":{"line":78,"column":65}}},"11":{"name":"isConditionalComment","line":90,"loc":{"start":{"line":90,"column":0},"end":{"line":90,"column":36}}},"12":{"name":"isIgnoredComment","line":94,"loc":{"start":{"line":94,"column":0},"end":{"line":94,"column":41}}},"13":{"name":"isEventAttribute","line":103,"loc":{"start":{"line":103,"column":0},"end":{"line":103,"column":45}}},"14":{"name":"canRemoveAttributeQuotes","line":116,"loc":{"start":{"line":116,"column":0},"end":{"line":116,"column":41}}},"15":{"name":"attributesInclude","line":121,"loc":{"start":{"line":121,"column":0},"end":{"line":121,"column":50}}},"16":{"name":"isAttributeRedundant","line":130,"loc":{"start":{"line":130,"column":0},"end":{"line":130,"column":63}}},"17":{"name":"isScriptTypeAttribute","line":171,"loc":{"start":{"line":171,"column":0},"end":{"line":171,"column":42}}},"18":{"name":"isExecutableScript","line":176,"loc":{"start":{"line":176,"column":0},"end":{"line":176,"column":40}}},"19":{"name":"isStyleLinkTypeAttribute","line":189,"loc":{"start":{"line":189,"column":0},"end":{"line":189,"column":45}}},"20":{"name":"isStyleSheet","line":194,"loc":{"start":{"line":194,"column":0},"end":{"line":194,"column":34}}},"21":{"name":"isBooleanAttribute","line":210,"loc":{"start":{"line":210,"column":0},"end":{"line":210,"column":49}}},"22":{"name":"isUriTypeAttribute","line":214,"loc":{"start":{"line":214,"column":0},"end":{"line":214,"column":43}}},"23":{"name":"isNumberTypeAttribute","line":229,"loc":{"start":{"line":229,"column":0},"end":{"line":229,"column":46}}},"24":{"name":"isLinkType","line":241,"loc":{"start":{"line":241,"column":0},"end":{"line":241,"column":39}}},"25":{"name":"isMediaQuery","line":252,"loc":{"start":{"line":252,"column":0},"end":{"line":252,"column":44}}},"26":{"name":"isSrcset","line":258,"loc":{"start":{"line":258,"column":0},"end":{"line":258,"column":33}}},"27":{"name":"cleanAttributeValue","line":262,"loc":{"start":{"line":262,"column":0},"end":{"line":262,"column":71}}},"28":{"name":"(anonymous_28)","line":296,"loc":{"start":{"line":296,"column":71},"end":{"line":296,"column":91}}},"29":{"name":"(anonymous_29)","line":312,"loc":{"start":{"line":312,"column":73},"end":{"line":312,"column":93}}},"30":{"name":"isMetaViewport","line":332,"loc":{"start":{"line":332,"column":0},"end":{"line":332,"column":36}}},"31":{"name":"wrapInlineCSS","line":345,"loc":{"start":{"line":345,"column":0},"end":{"line":345,"column":29}}},"32":{"name":"unwrapInlineCSS","line":349,"loc":{"start":{"line":349,"column":0},"end":{"line":349,"column":31}}},"33":{"name":"wrapMediaQuery","line":354,"loc":{"start":{"line":354,"column":0},"end":{"line":354,"column":30}}},"34":{"name":"unwrapMediaQuery","line":358,"loc":{"start":{"line":358,"column":0},"end":{"line":358,"column":32}}},"35":{"name":"cleanConditionalComment","line":363,"loc":{"start":{"line":363,"column":0},"end":{"line":363,"column":51}}},"36":{"name":"(anonymous_36)","line":364,"loc":{"start":{"line":364,"column":106},"end":{"line":364,"column":144}}},"37":{"name":"processScript","line":369,"loc":{"start":{"line":369,"column":0},"end":{"line":369,"column":52}}},"38":{"name":"canRemoveParentTag","line":402,"loc":{"start":{"line":402,"column":0},"end":{"line":402,"column":51}}},"39":{"name":"isStartTagMandatory","line":417,"loc":{"start":{"line":417,"column":0},"end":{"line":417,"column":50}}},"40":{"name":"canRemovePrecedingTag","line":427,"loc":{"start":{"line":427,"column":0},"end":{"line":427,"column":52}}},"41":{"name":"canDeleteEmptyAttribute","line":468,"loc":{"start":{"line":468,"column":0},"end":{"line":468,"column":68}}},"42":{"name":"hasAttrName","line":479,"loc":{"start":{"line":479,"column":0},"end":{"line":479,"column":34}}},"43":{"name":"canRemoveElement","line":488,"loc":{"start":{"line":488,"column":0},"end":{"line":488,"column":38}}},"44":{"name":"canCollapseWhitespace","line":518,"loc":{"start":{"line":518,"column":0},"end":{"line":518,"column":36}}},"45":{"name":"canTrimWhitespace","line":522,"loc":{"start":{"line":522,"column":0},"end":{"line":522,"column":32}}},"46":{"name":"normalizeAttr","line":526,"loc":{"start":{"line":526,"column":0},"end":{"line":526,"column":50}}},"47":{"name":"buildAttr","line":561,"loc":{"start":{"line":561,"column":0},"end":{"line":561,"column":72}}},"48":{"name":"identity","line":614,"loc":{"start":{"line":614,"column":0},"end":{"line":614,"column":25}}},"49":{"name":"processOptions","line":618,"loc":{"start":{"line":618,"column":0},"end":{"line":618,"column":33}}},"50":{"name":"(anonymous_50)","line":619,"loc":{"start":{"line":619,"column":48},"end":{"line":619,"column":62}}},"51":{"name":"(anonymous_51)","line":632,"loc":{"start":{"line":632,"column":35},"end":{"line":632,"column":46}}},"52":{"name":"(anonymous_52)","line":660,"loc":{"start":{"line":660,"column":25},"end":{"line":660,"column":40}}},"53":{"name":"(anonymous_53)","line":681,"loc":{"start":{"line":681,"column":23},"end":{"line":681,"column":46}}},"54":{"name":"(anonymous_54)","line":707,"loc":{"start":{"line":707,"column":24},"end":{"line":707,"column":39}}},"55":{"name":"(anonymous_55)","line":708,"loc":{"start":{"line":708,"column":65},"end":{"line":708,"column":109}}},"56":{"name":"uniqueId","line":722,"loc":{"start":{"line":722,"column":0},"end":{"line":722,"column":25}}},"57":{"name":"createSortFns","line":732,"loc":{"start":{"line":732,"column":0},"end":{"line":732,"column":59}}},"58":{"name":"attrNames","line":736,"loc":{"start":{"line":736,"column":2},"end":{"line":736,"column":28}}},"59":{"name":"(anonymous_59)","line":737,"loc":{"start":{"line":737,"column":21},"end":{"line":737,"column":36}}},"60":{"name":"shouldSkipUID","line":742,"loc":{"start":{"line":742,"column":2},"end":{"line":742,"column":37}}},"61":{"name":"shouldSkipUIDs","line":746,"loc":{"start":{"line":746,"column":2},"end":{"line":746,"column":33}}},"62":{"name":"scan","line":750,"loc":{"start":{"line":750,"column":2},"end":{"line":750,"column":23}}},"63":{"name":"(anonymous_63)","line":753,"loc":{"start":{"line":753,"column":13},"end":{"line":753,"column":34}}},"64":{"name":"(anonymous_64)","line":771,"loc":{"start":{"line":771,"column":11},"end":{"line":771,"column":22}}},"65":{"name":"(anonymous_65)","line":774,"loc":{"start":{"line":774,"column":13},"end":{"line":774,"column":28}}},"66":{"name":"(anonymous_66)","line":794,"loc":{"start":{"line":794,"column":29},"end":{"line":794,"column":50}}},"67":{"name":"(anonymous_67)","line":799,"loc":{"start":{"line":799,"column":22},"end":{"line":799,"column":44}}},"68":{"name":"(anonymous_68)","line":802,"loc":{"start":{"line":802,"column":35},"end":{"line":802,"column":57}}},"69":{"name":"(anonymous_69)","line":810,"loc":{"start":{"line":810,"column":28},"end":{"line":810,"column":44}}},"70":{"name":"minify","line":816,"loc":{"start":{"line":816,"column":0},"end":{"line":816,"column":47}}},"71":{"name":"(anonymous_71)","line":845,"loc":{"start":{"line":845,"column":85},"end":{"line":845,"column":109}}},"72":{"name":"escapeFragments","line":861,"loc":{"start":{"line":861,"column":2},"end":{"line":861,"column":33}}},"73":{"name":"(anonymous_73)","line":862,"loc":{"start":{"line":862,"column":36},"end":{"line":862,"column":67}}},"74":{"name":"(anonymous_74)","line":868,"loc":{"start":{"line":868,"column":58},"end":{"line":868,"column":71}}},"75":{"name":"(anonymous_75)","line":874,"loc":{"start":{"line":874,"column":42},"end":{"line":874,"column":58}}},"76":{"name":"(anonymous_76)","line":880,"loc":{"start":{"line":880,"column":30},"end":{"line":880,"column":45}}},"77":{"name":"(anonymous_77)","line":886,"loc":{"start":{"line":886,"column":29},"end":{"line":886,"column":52}}},"78":{"name":"_canCollapseWhitespace","line":902,"loc":{"start":{"line":902,"column":2},"end":{"line":902,"column":46}}},"79":{"name":"_canTrimWhitespace","line":906,"loc":{"start":{"line":906,"column":2},"end":{"line":906,"column":42}}},"80":{"name":"removeStartTag","line":910,"loc":{"start":{"line":910,"column":2},"end":{"line":910,"column":28}}},"81":{"name":"removeEndTag","line":918,"loc":{"start":{"line":918,"column":2},"end":{"line":918,"column":26}}},"82":{"name":"trimTrailingWhitespace","line":927,"loc":{"start":{"line":927,"column":2},"end":{"line":927,"column":50}}},"83":{"name":"squashTrailingWhitespace","line":943,"loc":{"start":{"line":943,"column":2},"end":{"line":943,"column":45}}},"84":{"name":"(anonymous_84)","line":958,"loc":{"start":{"line":958,"column":11},"end":{"line":958,"column":66}}},"85":{"name":"(anonymous_85)","line":1050,"loc":{"start":{"line":1050,"column":9},"end":{"line":1050,"column":45}}},"86":{"name":"(anonymous_86)","line":1117,"loc":{"start":{"line":1117,"column":11},"end":{"line":1117,"column":44}}},"87":{"name":"(anonymous_87)","line":1133,"loc":{"start":{"line":1133,"column":72},"end":{"line":1133,"column":97}}},"88":{"name":"(anonymous_88)","line":1203,"loc":{"start":{"line":1203,"column":13},"end":{"line":1203,"column":41}}},"89":{"name":"(anonymous_89)","line":1227,"loc":{"start":{"line":1227,"column":13},"end":{"line":1227,"column":31}}},"90":{"name":"(anonymous_90)","line":1252,"loc":{"start":{"line":1252,"column":34},"end":{"line":1252,"column":73}}},"91":{"name":"(anonymous_91)","line":1270,"loc":{"start":{"line":1270,"column":75},"end":{"line":1270,"column":98}}},"92":{"name":"joinResultSegments","line":1279,"loc":{"start":{"line":1279,"column":0},"end":{"line":1279,"column":46}}},"93":{"name":"(anonymous_93)","line":1306,"loc":{"start":{"line":1306,"column":17},"end":{"line":1306,"column":42}}}},"statementMap":{"1":{"start":{"line":3,"column":0},"end":{"line":3,"column":36}},"2":{"start":{"line":4,"column":0},"end":{"line":4,"column":34}},"3":{"start":{"line":5,"column":0},"end":{"line":5,"column":52}},"4":{"start":{"line":6,"column":0},"end":{"line":6,"column":37}},"5":{"start":{"line":7,"column":0},"end":{"line":7,"column":41}},"6":{"start":{"line":8,"column":0},"end":{"line":8,"column":36}},"7":{"start":{"line":9,"column":0},"end":{"line":9,"column":31}},"8":{"start":{"line":11,"column":0},"end":{"line":21,"column":2}},"9":{"start":{"line":12,"column":2},"end":{"line":14,"column":3}},"10":{"start":{"line":13,"column":4},"end":{"line":13,"column":15}},"11":{"start":{"line":15,"column":2},"end":{"line":15,"column":20}},"12":{"start":{"line":17,"column":2},"end":{"line":19,"column":3}},"13":{"start":{"line":18,"column":4},"end":{"line":18,"column":15}},"14":{"start":{"line":20,"column":2},"end":{"line":20,"column":53}},"15":{"start":{"line":23,"column":0},"end":{"line":27,"column":1}},"16":{"start":{"line":24,"column":2},"end":{"line":26,"column":5}},"17":{"start":{"line":25,"column":4},"end":{"line":25,"column":80}},"18":{"start":{"line":29,"column":0},"end":{"line":68,"column":1}},"19":{"start":{"line":30,"column":2},"end":{"line":30,"column":48}},"20":{"start":{"line":32,"column":2},"end":{"line":40,"column":3}},"21":{"start":{"line":33,"column":4},"end":{"line":39,"column":7}},"22":{"start":{"line":34,"column":6},"end":{"line":34,"column":29}},"23":{"start":{"line":35,"column":6},"end":{"line":35,"column":16}},"24":{"start":{"line":37,"column":6},"end":{"line":37,"column":28}},"25":{"start":{"line":38,"column":6},"end":{"line":38,"column":16}},"26":{"start":{"line":42,"column":2},"end":{"line":50,"column":3}},"27":{"start":{"line":43,"column":4},"end":{"line":49,"column":7}},"28":{"start":{"line":44,"column":6},"end":{"line":44,"column":74}},"29":{"start":{"line":45,"column":6},"end":{"line":47,"column":7}},"30":{"start":{"line":46,"column":8},"end":{"line":46,"column":20}},"31":{"start":{"line":48,"column":6},"end":{"line":48,"column":109}},"32":{"start":{"line":52,"column":2},"end":{"line":60,"column":3}},"33":{"start":{"line":53,"column":4},"end":{"line":59,"column":7}},"34":{"start":{"line":54,"column":6},"end":{"line":54,"column":73}},"35":{"start":{"line":55,"column":6},"end":{"line":57,"column":7}},"36":{"start":{"line":56,"column":8},"end":{"line":56,"column":20}},"37":{"start":{"line":58,"column":6},"end":{"line":58,"column":109}},"38":{"start":{"line":62,"column":2},"end":{"line":65,"column":3}},"39":{"start":{"line":64,"column":4},"end":{"line":64,"column":37}},"40":{"start":{"line":67,"column":2},"end":{"line":67,"column":48}},"41":{"start":{"line":70,"column":0},"end":{"line":70,"column":52}},"42":{"start":{"line":72,"column":0},"end":{"line":72,"column":193}},"43":{"start":{"line":74,"column":0},"end":{"line":74,"column":151}},"44":{"start":{"line":76,"column":0},"end":{"line":76,"column":73}},"45":{"start":{"line":78,"column":0},"end":{"line":88,"column":1}},"46":{"start":{"line":79,"column":2},"end":{"line":79,"column":60}},"47":{"start":{"line":80,"column":2},"end":{"line":82,"column":3}},"48":{"start":{"line":81,"column":4},"end":{"line":81,"column":100}},"49":{"start":{"line":83,"column":2},"end":{"line":83,"column":61}},"50":{"start":{"line":84,"column":2},"end":{"line":86,"column":3}},"51":{"start":{"line":85,"column":4},"end":{"line":85,"column":101}},"52":{"start":{"line":87,"column":2},"end":{"line":87,"column":83}},"53":{"start":{"line":90,"column":0},"end":{"line":92,"column":1}},"54":{"start":{"line":91,"column":2},"end":{"line":91,"column":47}},"55":{"start":{"line":94,"column":0},"end":{"line":101,"column":1}},"56":{"start":{"line":95,"column":2},"end":{"line":99,"column":3}},"57":{"start":{"line":96,"column":4},"end":{"line":98,"column":5}},"58":{"start":{"line":97,"column":6},"end":{"line":97,"column":18}},"59":{"start":{"line":100,"column":2},"end":{"line":100,"column":15}},"60":{"start":{"line":103,"column":0},"end":{"line":114,"column":1}},"61":{"start":{"line":104,"column":2},"end":{"line":104,"column":47}},"62":{"start":{"line":105,"column":2},"end":{"line":112,"column":3}},"63":{"start":{"line":106,"column":4},"end":{"line":110,"column":5}},"64":{"start":{"line":107,"column":6},"end":{"line":109,"column":7}},"65":{"start":{"line":108,"column":8},"end":{"line":108,"column":20}},"66":{"start":{"line":111,"column":4},"end":{"line":111,"column":17}},"67":{"start":{"line":113,"column":2},"end":{"line":113,"column":40}},"68":{"start":{"line":116,"column":0},"end":{"line":119,"column":1}},"69":{"start":{"line":118,"column":2},"end":{"line":118,"column":45}},"70":{"start":{"line":121,"column":0},"end":{"line":128,"column":1}},"71":{"start":{"line":122,"column":2},"end":{"line":126,"column":3}},"72":{"start":{"line":123,"column":4},"end":{"line":125,"column":5}},"73":{"start":{"line":124,"column":6},"end":{"line":124,"column":18}},"74":{"start":{"line":127,"column":2},"end":{"line":127,"column":15}},"75":{"start":{"line":130,"column":0},"end":{"line":158,"column":1}},"76":{"start":{"line":131,"column":2},"end":{"line":131,"column":71}},"77":{"start":{"line":133,"column":2},"end":{"line":157,"column":4}},"78":{"start":{"line":162,"column":0},"end":{"line":169,"column":3}},"79":{"start":{"line":171,"column":0},"end":{"line":174,"column":1}},"80":{"start":{"line":172,"column":2},"end":{"line":172,"column":71}},"81":{"start":{"line":173,"column":2},"end":{"line":173,"column":67}},"82":{"start":{"line":176,"column":0},"end":{"line":187,"column":1}},"83":{"start":{"line":177,"column":2},"end":{"line":179,"column":3}},"84":{"start":{"line":178,"column":4},"end":{"line":178,"column":17}},"85":{"start":{"line":180,"column":2},"end":{"line":185,"column":3}},"86":{"start":{"line":181,"column":4},"end":{"line":181,"column":47}},"87":{"start":{"line":182,"column":4},"end":{"line":184,"column":5}},"88":{"start":{"line":183,"column":6},"end":{"line":183,"column":51}},"89":{"start":{"line":186,"column":2},"end":{"line":186,"column":14}},"90":{"start":{"line":189,"column":0},"end":{"line":192,"column":1}},"91":{"start":{"line":190,"column":2},"end":{"line":190,"column":54}},"92":{"start":{"line":191,"column":2},"end":{"line":191,"column":54}},"93":{"start":{"line":194,"column":0},"end":{"line":205,"column":1}},"94":{"start":{"line":195,"column":2},"end":{"line":197,"column":3}},"95":{"start":{"line":196,"column":4},"end":{"line":196,"column":17}},"96":{"start":{"line":198,"column":2},"end":{"line":203,"column":3}},"97":{"start":{"line":199,"column":4},"end":{"line":199,"column":47}},"98":{"start":{"line":200,"column":4},"end":{"line":202,"column":5}},"99":{"start":{"line":201,"column":6},"end":{"line":201,"column":54}},"100":{"start":{"line":204,"column":2},"end":{"line":204,"column":14}},"101":{"start":{"line":207,"column":0},"end":{"line":207,"column":424}},"102":{"start":{"line":208,"column":0},"end":{"line":208,"column":55}},"103":{"start":{"line":210,"column":0},"end":{"line":212,"column":1}},"104":{"start":{"line":211,"column":2},"end":{"line":211,"column":93}},"105":{"start":{"line":214,"column":0},"end":{"line":227,"column":1}},"106":{"start":{"line":215,"column":2},"end":{"line":226,"column":4}},"107":{"start":{"line":229,"column":0},"end":{"line":239,"column":1}},"108":{"start":{"line":230,"column":2},"end":{"line":238,"column":4}},"109":{"start":{"line":241,"column":0},"end":{"line":250,"column":1}},"110":{"start":{"line":242,"column":2},"end":{"line":244,"column":3}},"111":{"start":{"line":243,"column":4},"end":{"line":243,"column":17}},"112":{"start":{"line":245,"column":2},"end":{"line":249,"column":3}},"113":{"start":{"line":246,"column":4},"end":{"line":248,"column":5}},"114":{"start":{"line":247,"column":6},"end":{"line":247,"column":18}},"115":{"start":{"line":252,"column":0},"end":{"line":254,"column":1}},"116":{"start":{"line":253,"column":2},"end":{"line":253,"column":100}},"117":{"start":{"line":256,"column":0},"end":{"line":256,"column":51}},"118":{"start":{"line":258,"column":0},"end":{"line":260,"column":1}},"119":{"start":{"line":259,"column":2},"end":{"line":259,"column":50}},"120":{"start":{"line":262,"column":0},"end":{"line":330,"column":1}},"121":{"start":{"line":263,"column":2},"end":{"line":328,"column":3}},"122":{"start":{"line":264,"column":4},"end":{"line":264,"column":74}},"123":{"start":{"line":265,"column":4},"end":{"line":265,"column":45}},"124":{"start":{"line":267,"column":7},"end":{"line":328,"column":3}},"125":{"start":{"line":268,"column":4},"end":{"line":268,"column":42}},"126":{"start":{"line":269,"column":4},"end":{"line":274,"column":5}},"127":{"start":{"line":270,"column":6},"end":{"line":270,"column":51}},"128":{"start":{"line":273,"column":6},"end":{"line":273,"column":51}},"129":{"start":{"line":275,"column":4},"end":{"line":275,"column":21}},"130":{"start":{"line":277,"column":7},"end":{"line":328,"column":3}},"131":{"start":{"line":278,"column":4},"end":{"line":278,"column":42}},"132":{"start":{"line":279,"column":4},"end":{"line":279,"column":91}},"133":{"start":{"line":281,"column":7},"end":{"line":328,"column":3}},"134":{"start":{"line":282,"column":4},"end":{"line":282,"column":37}},"135":{"start":{"line":284,"column":7},"end":{"line":328,"column":3}},"136":{"start":{"line":285,"column":4},"end":{"line":285,"column":42}},"137":{"start":{"line":286,"column":4},"end":{"line":291,"column":5}},"138":{"start":{"line":287,"column":6},"end":{"line":289,"column":7}},"139":{"start":{"line":288,"column":8},"end":{"lin
[...]
6},"end":{"line":270,"column":9}},"105":{"start":{"line":259,"column":8},"end":{"line":269,"column":9}},"106":{"start":{"line":260,"column":10},"end":{"line":260,"column":65}},"107":{"start":{"line":262,"column":13},"end":{"line":269,"column":9}},"108":{"start":{"line":263,"column":10},"end":{"line":263,"column":59}},"109":{"start":{"line":265,"column":13},"end":{"line":269,"column":9}},"110":{"start":{"line":266,"column":10},"end":{"line":268,"column":13}},"111":{"start":{"line":267,"column":12},"end":{"line":267,"column":47}},"112":{"start":{"line":275,"column":0},"end":{"line":284,"column":1}},"113":{"start":{"line":276,"column":2},"end":{"line":276,"column":15}},"114":{"start":{"line":277,"column":2},"end":{"line":282,"column":3}},"115":{"start":{"line":278,"column":4},"end":{"line":278,"column":48}},"116":{"start":{"line":281,"column":4},"end":{"line":281,"column":47}},"117":{"start":{"line":283,"column":2},"end":{"line":283,"column":33}},"118":{"start":{"line":286,"column":0},"end":{"line":286,"column":32}},"119":{"start":{"line":287,"column":0},"end":{"line":287,"column":34}},"120":{"start":{"line":288,"column":0},"end":{"line":288,"column":30}},"121":{"start":{"line":289,"column":0},"end":{"line":309,"column":1}},"122":{"start":{"line":290,"column":2},"end":{"line":295,"column":3}},"123":{"start":{"line":291,"column":4},"end":{"line":291,"column":126}},"124":{"start":{"line":293,"column":7},"end":{"line":295,"column":3}},"125":{"start":{"line":294,"column":4},"end":{"line":294,"column":94}},"126":{"start":{"line":296,"column":2},"end":{"line":296,"column":49}},"127":{"start":{"line":299,"column":5},"end":{"line":309,"column":1}},"128":{"start":{"line":300,"column":2},"end":{"line":300,"column":16}},"129":{"start":{"line":304,"column":2},"end":{"line":304,"column":15}},"130":{"start":{"line":305,"column":2},"end":{"line":305,"column":36}},"131":{"start":{"line":306,"column":2},"end":{"line":308,"column":28}},"132":{"start":{"line":307,"column":4},"end":{"line":307,"column":20}}},"branchMap":{"1":{"line":65,"type":"if","locations":[{"start":{"line":65,"column":2},"end":{"line":65,"column":2}},{"start":{"line":65,"column":2},"end":{"line":65,"column":2}}]},"2":{"line":71,"type":"if","locations":[{"start":{"line":71,"column":2},"end":{"line":71,"column":2}},{"start":{"line":71,"column":2},"end":{"line":71,"column":2}}]},"3":{"line":76,"type":"if","locations":[{"start":{"line":76,"column":6},"end":{"line":76,"column":6}},{"start":{"line":76,"column":6},"end":{"line":76,"column":6}}]},"4":{"line":85,"type":"if","locations":[{"start":{"line":85,"column":2},"end":{"line":85,"column":2}},{"start":{"line":85,"column":2},"end":{"line":85,"column":2}}]},"5":{"line":87,"type":"cond-expr","locations":[{"start":{"line":87,"column":34},"end":{"line":87,"column":39}},{"start":{"line":87,"column":42},"end":{"line":87,"column":49}}]},"6":{"line":93,"type":"binary-expr","locations":[{"start":{"line":93,"column":9},"end":{"line":93,"column":14}},{"start":{"line":93,"column":18},"end":{"line":93,"column":40}}]},"7":{"line":143,"type":"if","locations":[{"start":{"line":143,"column":2},"end":{"line":143,"column":2}},{"start":{"line":143,"column":2},"end":{"line":143,"column":2}}]},"8":{"line":145,"type":"cond-expr","locations":[{"start":{"line":145,"column":37},"end":{"line":145,"column":47}},{"start":{"line":145,"column":50},"end":{"line":145,"column":60}}]},"9":{"line":181,"type":"if","locations":[{"start":{"line":181,"column":4},"end":{"line":181,"column":4}},{"start":{"line":181,"column":4},"end":{"line":181,"column":4}}]},"10":{"line":183,"type":"if","locations":[{"start":{"line":183,"column":6},"end":{"line":183,"column":6}},{"start":{"line":183,"column":6},"end":{"line":183,"column":6}}]},"11":{"line":185,"type":"cond-expr","locations":[{"start":{"line":185,"column":60},"end":{"line":185,"column":65}},{"start":{"line":185,"column":68},"end":{"line":185,"column":89}}]},"12":{"line":202,"type":"if","locations":[{"start":{"line":202,"column":4},"end":{"line":202,"column":4}},{"start":{"line":202,"column":4},"end":{"line":202,"column":4}}]},"13":{"line":205,"type":"if","locations":[{"start":{"line":205,"column":9},"end":{"line":205,"column":9}},{"start":{"line":205,"column":9},"end":{"line":205,"column":9}}]},"14":{"line":214,"type":"if","locations":[{"start":{"line":214,"column":4},"end":{"line":214,"column":4}},{"start":{"line":214,"column":4},"end":{"line":214,"column":4}}]},"15":{"line":215,"type":"switch","locations":[{"start":{"line":216,"column":8},"end":{"line":219,"column":13}},{"start":{"line":220,"column":8},"end":{"line":221,"column":16}},{"start":{"line":222,"column":8},"end":{"line":223,"column":77}}]},"16":{"line":232,"type":"if","locations":[{"start":{"line":232,"column":4},"end":{"line":232,"column":4}},{"start":{"line":232,"column":4},"end":{"line":232,"column":4}}]},"17":{"line":243,"type":"if","locations":[{"start":{"line":243,"column":6},"end":{"line":243,"column":6}},{"start":{"line":243,"column":6},"end":{"line":243,"column":6}}]},"18":{"line":252,"type":"if","locations":[{"start":{"line":252,"column":4},"end":{"line":252,"column":4}},{"start":{"line":252,"column":4},"end":{"line":252,"column":4}}]},"19":{"line":259,"type":"if","locations":[{"start":{"line":259,"column":8},"end":{"line":259,"column":8}},{"start":{"line":259,"column":8},"end":{"line":259,"column":8}}]},"20":{"line":262,"type":"if","locations":[{"start":{"line":262,"column":13},"end":{"line":262,"column":13}},{"start":{"line":262,"column":13},"end":{"line":262,"column":13}}]},"21":{"line":265,"type":"if","locations":[{"start":{"line":265,"column":13},"end":{"line":265,"column":13}},{"start":{"line":265,"column":13},"end":{"line":265,"column":13}}]},"22":{"line":265,"type":"binary-expr","locations":[{"start":{"line":265,"column":17},"end":{"line":265,"column":25}},{"start":{"line":265,"column":29},"end":{"line":265,"column":65}}]},"23":{"line":289,"type":"if","locations":[{"start":{"line":289,"column":0},"end":{"line":289,"column":0}},{"start":{"line":289,"column":0},"end":{"line":289,"column":0}}]},"24":{"line":289,"type":"binary-expr","locations":[{"start":{"line":289,"column":4},"end":{"line":289,"column":12}},{"start":{"line":289,"column":16},"end":{"line":289,"column":25}}]},"25":{"line":290,"type":"if","locations":[{"start":{"line":290,"column":2},"end":{"line":290,"column":2}},{"start":{"line":290,"column":2},"end":{"line":290,"column":2}}]},"26":{"line":293,"type":"if","locations":[{"start":{"line":293,"column":7},"end":{"line":293,"column":7}},{"start":{"line":293,"column":7},"end":{"line":293,"column":7}}]},"27":{"line":299,"type":"if","locations":[{"start":{"line":299,"column":5},"end":{"line":299,"column":5}},{"start":{"line":299,"column":5},"end":{"line":299,"column":5}}]}},"code":["//#!/usr/bin/env node","/**"," * html-minifier CLI tool"," *"," * The MIT License (MIT)"," *"," *  Copyright (c) 2014-2016 Zoltan Frombach"," *"," *  Permission is hereby granted, free of charge, to any person obtaining a copy of"," *  this software and associated documentation files (the \"Software\"), to deal in"," *  the Software without restriction, including without limitation the rights to"," *  use, copy, modify, merge, publish, distribute, sublicense, and/or sell copies of"," *  the Software, and to permit persons to whom the Software is furnished to do so,"," *  subject to the following conditions:"," *"," *  The above copyright notice and this permission notice shall be included in all"," *  copies or substantial portions of the Software."," *"," *  THE SOFTWARE IS PROVIDED \"AS IS\", WITHOUT WARRANTY OF ANY KIND, EXPRESS OR"," *  IMPLIED, INCLUDING BUT NOT LIMITED TO THE WARRANTIES OF MERCHANTABILITY, FITNESS"," *  FOR A PARTICULAR PURPOSE AND NONINFRINGEMENT. IN NO EVENT SHALL THE AUTHORS OR"," *  COPYRIGHT HOLDERS BE LIABLE FOR ANY CLAIM, DAMAGES OR OTHER LIABILITY, WHETHER"," *  IN AN ACTION OF CONTRACT, TORT OR OTHERWISE, ARISING FROM, OUT OF OR IN"," *  CONNECTION WITH THE SOFTWARE OR THE USE OR OTHER DEALINGS IN THE SOFTWARE."," *"," */","","'use strict';","","var camelCase = require('camel-case');","var fs = require('fs');","var info = require('./package.json');","var minify = require('./' + info.main).minify;","var paramCase = require('param-case');","var path = require('path');","var program = require('commander');","","program._name = info.name;","program.version(info.version);","","function fatal(message) {","  console.error(message);","  process.exit(1);","}","","/**"," * JSON does not support regexes, so, e.g., JSON.parse() will not create"," * a RegExp from the JSON value `[ \"/matchString/\" ]`, which is"," * technically just an array containing a string that begins and end with"," * a forward slash. To get a RegExp from a JSON string, it must be"," * constructed explicitly in JavaScript."," *"," * The likelihood of actually wanting to match text that is enclosed in"," * forward slashes is probably quite rare, so if forward slashes were"," * included in an argument that requires a regex, the user most likely"," * thought they were part of the syntax for specifying a regex."," *"," * In the unlikely case that forward slashes are indeed desired in the"," * search string, the user would need to enclose the expression in a"," * second set of slashes:"," *"," *    --customAttrSrround \"[\\\"//matchString//\\\"]\""," */","function parseRegExp(value) {","  if (value) {","    return new RegExp(value.replace(/^\\/(.*)\\/$/, '$1'));","  }","}","","function parseJSON(value) {","  if (value) {","    try {","      return JSON.parse(value);","    }","    catch (e) {","      if (/^{/.test(value)) {","        fatal('Could not parse JSON value \\'' + value + '\\'');","      }","      return value;","    }","  }","}","","function parseJSONArray(value) {","  if (value) {","    value = parseJSON(value);","    return Array.isArray(value) ? value : [value];","  }","}","","function parseJSONRegExpArray(value) {","  value = parseJSONArray(value);","  return value && value.map(parseRegExp);","}","","function parseString(value) {","  return value;","}","","var mainOptions = {","  caseSensitive: 'Treat attributes in case sensitive manner (useful for SVG; e.g. viewBox)',","  collapseBooleanAttributes: 'Omit attribute values from boolean attributes',","  collapseInlineTagWhitespace: 'Collapse white space around inline tag',","  collapseWhitespace: 'Collapse white space that contributes to text nodes in a document tree.',","  conservativeCollapse: 'Always collapse to 1 space (never remove it entirely)',","  customAttrAssign: ['Arrays of regex\\'es that allow to support custom attribute assign expressions (e.g. \\'<div flex?=\"{{mode != cover}}\"></div>\\')', parseJSONRegExpArray],","  customAttrCollapse: ['Regex that specifies custom attribute to strip newlines from (e.g. /ng-class/)', parseRegExp],","  customAttrSurround: ['Arrays of regex\\'es that allow to support custom attribute surround expressions (e.g. <input {{#if value}}checked=\"checked\"{{/if}}>)', parseJSONRegExpArray],","  customEventAttributes: ['Arrays of regex\\'es that allow to support custom event attributes for minifyJS (e.g. ng-click)', parseJSONRegExpArray],","  decodeEntities: 'Use direct Unicode characters whenever possible',","  html5: 'Parse input according to HTML5 specifications',","  ignoreCustomComments: ['Array of regex\\'es that allow to ignore certain comments, when matched', parseJSONRegExpArray],","  ignoreCustomFragments: ['Array of regex\\'es that allow to ignore certain fragments, when matched (e.g. <?php ... ?>, {{ ... }})', parseJSONRegExpArray],","  includeAutoGeneratedTags: 'Insert tags generated by HTML parser',","  keepClosingSlash: 'Keep the trailing slash on singleton elements',","  maxLineLength: ['Max line length', parseInt],","  minifyCSS: ['Minify CSS in style elements and style attributes (uses clean-css)', parseJSON],","  minifyJS: ['Minify Javascript in script elements and on* attributes (uses uglify-js)', parseJSON],","  minifyURLs: ['Minify URLs in various attributes (uses relateurl)', parseJSON],","  preserveLineBreaks: 'Always collapse to 1 line break (never remove it entirely) when whitespace between tags include a line break.',","  preventAttributesEscaping: 'Prevents the escaping of the values of attributes.',","  processConditionalComments: 'Process contents of conditional comments through minifier',","  processScripts: ['Array of strings corresponding to types of script elements to process through minifier (e.g. \"text/ng-template\", \"text/x-handlebars-template\", etc.)', parseJSONArray],","  quoteCharacter: ['Type of quote to use for attribute values (\\' or \")', parseString],","  removeAttributeQuotes: 'Remove quotes around attributes when possible.',","  removeComments: 'Strip HTML comments',","  removeEmptyAttributes: 'Remove all attributes with whitespace-only values',","  removeEmptyElements: 'Remove all elements with empty contents',","  removeOptionalTags: 'Remove unrequired tags',","  removeRedundantAttributes: 'Remove attributes when value matches default.',","  removeScriptTypeAttributes: 'Remove type=\"text/javascript\" from script tags. Other type attribute values are left intact.',","  removeStyleLinkTypeAttributes: 'Remove type=\"text/css\" from style and link tags. Other type attribute values are left intact.',","  removeTagWhitespace: 'Remove space between attributes whenever possible',","  sortAttributes: 'Sort attributes by frequency',","  sortClassName: 'Sort style classes by frequency',","  trimCustomFragments: 'Trim white space around ignoreCustomFragments.',","  useShortDoctype: 'Replaces the doctype with the short (HTML5) doctype'","};","var mainOptionKeys = Object.keys(mainOptions);","mainOptionKeys.forEach(function(key) {","  var option = mainOptions[key];","  key = '--' + paramCase(key);","  if (Array.isArray(option)) {","    var optional = option[1] === parseJSON;","    program.option(key + (optional ? ' [value]' : ' <value>'), option[0], option[1]);","  }","  else {","    program.option(key, option);","  }","});","program.option('-o --output <file>', 'Specify output file (if not specified STDOUT will be used for output)', function(outputPath) {","  return fs.createWriteStream(outputPath).on('error', function(e) {","    fatal('Cannot write ' + outputPath + '\\n' + e.message);","  });","}, process.stdout);","","function readFile(file) {","  try {","    return fs.readFileSync(file, { encoding: 'utf8' });","  }","  catch (e) {","    fatal('Cannot read ' + file + '\\n' + e.message);","  }","}","","var config = {};","program.option('-c --config-file <file>', 'Use config file', function(configPath) {","  var data = readFile(configPath);","  try {","    config = JSON.parse(data);","  }","  catch (je) {","    try {","      config = require(path.resolve(configPath));","    }","    catch (ne) {","      fatal('Cannot read the specified config file.\\nAs JSON: ' + je.message + '\\nAs module: ' + ne.message);","    }","  }","  mainOptionKeys.forEach(function(key) {","    if (key in config) {","      var option = mainOptions[key];","      if (Array.isArray(option)) {","        var value = config[key];","        config[key] = option[1](typeof value === 'string' ? value : JSON.stringify(value));","      }","    }","  });","});","program.option('--input-dir <dir>', 'Specify an input directory');","program.option('--output-dir <dir>', 'Specify an output directory');","program.option('--file-ext <text>', 'Specify an extension to be read, ex: html');","var content;","program.arguments('[files...]').action(function(files) {","  content = files.map(readFile).join('');","}).parse(process.argv);","","function createOptions() {","  var options = {};","  mainOptionKeys.forEach(function(key) {","    var param = program[camelCase(key)];","    if (typeof param !== 'undefined') {","      options[key] = param;","    }","    else if (key in config) {","      options[key] = config[key];","    }","  });","  return options;","}","","function mkdir(outputDir, callback) {","  fs.mkdir(outputDir, function(err) {","    if (err) {","      switch (err.code) {","        case 'ENOENT':","          return mkdir(path.join(outputDir, '..'), function() {","            mkdir(outputDir, callback);","          });","        case 'EEXIST':","          break;","        default:","          fatal('Cannot create directory ' + outputDir + '\\n' + err.message);","      }","    }","    callback();","  });","}","","function processFile(inputFile, outputFile) {","  fs.readFile(inputFile, { encoding: 'utf8' }, function(err, data) {","    if (err) {","      fatal('Cannot read ' + inputFile + '\\n' + err.message);","    }","    var minified;","    try {","      minified = minify(data, createOptions());","    }","    catch (e) {","      fatal('Minification error on ' + inputFile + '\\n' + e.message);","    }","    fs.writeFile(outputFile, minified, { encoding: 'utf8' }, function(err) {","      if (err) {","        fatal('Cannot write ' + outputFile + '\\n' + err.message);","      }","    });","  });","}","","function processDirectory(inputDir, outputDir, fileExt) {","  fs.readdir(inputDir, function(err, files) {","    if (err) {","      fatal('Cannot read directory ' + inputDir + '\\n' + err.message);","    }","    files.forEach(function(file) {","      var inputFile = path.join(inputDir, file);","      var outputFile = path.join(outputDir, file);","      fs.stat(inputFile, function(err, stat) {","        if (err) {","          fatal('Cannot read ' + inputFile + '\\n' + err.message);","        }","        else if (stat.isDirectory()) {","          processDirectory(inputFile, outputFile, fileExt);","        }","        else if (!fileExt || path.extname(file) === '.' + fileExt) {","          mkdir(outputDir, function() {","            processFile(inputFile, outputFile);","          });","        }","      });","    });","  });","}","","function writeMinify() {","  var minified;","  try {","    minified = minify(content, createOptions());","  }","  catch (e) {","    fatal('Minification error:\\n' + e.message);","  }","  program.output.write(minified);","}","","var inputDir = program.inputDir;","var outputDir = program.outputDir;","var fileExt = program.fileExt;","if (inputDir || outputDir) {","  if (!inputDir) {","    fatal('The option output-dir needs to be used with the option input-dir. If you are working with a single file, use -o.');","  }","  else if (!outputDir) {","    fatal('You need to specify where to write the output files with the option --output-dir');","  }","  processDirectory(inputDir, outputDir, fileExt);","}","// Minifying one or more files specified on the CMD line","else if (typeof content === 'string') {","  writeMinify();","}","// Minifying input coming from STDIN","else {","  content = '';","  process.stdin.setEncoding('utf8');","  process.stdin.on('data', function(data) {","    content += data;","  }).on('end', writeMinify);","}",""],"l":{"30":1,"31":1,"32":1,"33":1,"34":1,"35":1,"36":1,"38":1,"39":1,"41":1,"42":0,"43":0,"64":1,"65":0,"66":0,"70":1,"71":0,"72":0,"73":0,"76":0,"77":0,"79":0,"84":1,"85":0,"86":0,"87":0,"91":1,"92":0,"93":0,"96":1,"97":0,"100":1,"139":1,"140":1,"141":37,"142":37,"143":37,"144":12,"145":12,"148":25,"151":1,"152":0,"153":0,"157":1,"158":0,"159":0,"162":0,"166":1,"167":1,"168":0,"169":0,"170":0,"173":0,"174":0,"177":0,"180":0,"181":0,"182":0,"183":0,"184":0,"185":0,"190":1,"191":1,"192":1,"193":1,"194":1,"195":0,"198":1,"199":0,"200":0,"201":0,"202":0,"203":0,"205":0,"206":0,"209":0,"212":1,"213":0,"214":0,"215":0,"217":0,"218":0,"221":0,"223":0,"226":0,"230":1,"231":0,"232":0,"233":0,"235":0,"236":0,"237":0,"240":0,"242":0,"243":0,"244":0,"250":1,"251":0,"252":0,"253":0,"255":0,"256":0,"257":0,"258":0,"259":0,"260":0,"262":0,"263":0,"265":0,"266":0,"267":0,"275":1,"276":0,"277":0,"278":0,"281":0,"283":0,"286":1,"287":1,"288":1,"289":1,"290":0,"291":0,"293":0,"294":0,"296":0,"299":1,"300":0,"304":1,"305":1,"306":1,"307":0}}}